GROUP,PACKAGE,CLASS,INSTRUCTION_MISSED,INSTRUCTION_COVERED,BRANCH_MISSED,BRANCH_COVERED,LINE_MISSED,LINE_COVERED,COMPLEXITY_MISSED,COMPLEXITY_COVERED,METHOD_MISSED,METHOD_COVERED
WildFly Elytron/wildfly-elytron-asn1,org.wildfly.security.asn1,ASN1Exception,12,4,0,0,6,2,3,1,3,1
WildFly Elytron/wildfly-elytron-asn1,org.wildfly.security.asn1,ElytronMessages,0,6,0,0,0,1,0,1,0,1
WildFly Elytron/wildfly-elytron-asn1,org.wildfly.security.asn1,DEREncoder.TagComparator,0,10,0,0,0,1,0,1,0,1
WildFly Elytron/wildfly-elytron-asn1,org.wildfly.security.asn1,DERDecoder,560,650,104,64,131,159,85,48,17,32
WildFly Elytron/wildfly-elytron-asn1,org.wildfly.security.asn1,DERDecoder.DecoderState,0,15,0,0,0,6,0,3,0,3
WildFly Elytron/wildfly-elytron-asn1,org.wildfly.security.asn1,ASN1Encodable,40,55,0,0,7,10,8,10,8,10
WildFly Elytron/wildfly-elytron-asn1,org.wildfly.security.asn1,OidsUtil.Category,0,24,0,0,0,3,0,1,0,1
WildFly Elytron/wildfly-elytron-asn1,org.wildfly.security.asn1,DEREncoder,168,1335,40,138,38,317,34,110,3,52
WildFly Elytron/wildfly-elytron-asn1,org.wildfly.security.asn1,DEREncoder.LexicographicComparator,6,32,2,4,1,8,2,2,0,1
WildFly Elytron/wildfly-elytron-asn1,org.wildfly.security.asn1,DEREncoder.EncoderState,0,63,0,0,0,16,0,8,0,8
WildFly Elytron/wildfly-elytron-asn1,org.wildfly.security.asn1,ElytronMessages_.logger,228,126,0,0,52,32,26,16,26,16
WildFly Elytron/wildfly-elytron-asn1,org.wildfly.security.asn1,ASN1,120,150,37,24,39,44,36,20,3,4
WildFly Elytron/wildfly-elytron-asn1,org.wildfly.security.asn1,ASN1Encoder,0,6,0,0,0,2,0,1,0,1
WildFly Elytron/wildfly-elytron-asn1,org.wildfly.security.asn1,OidsUtil,12,155,1,7,3,26,2,6,1,3
WildFly Elytron/wildfly-elytron-asn1,org.wildfly.security.asn1,ASN1Decoder,24,0,0,0,6,0,6,0,6,0
WildFly Elytron/wildfly-elytron-audit,org.wildfly.security.audit,SyslogAuditEndpoint.Builder,79,0,2,0,26,0,11,0,10,0
WildFly Elytron/wildfly-elytron-audit,org.wildfly.security.audit,SyslogAuditEndpoint.new PrivilegedAction() {...},9,0,0,0,2,0,2,0,2,0
WildFly Elytron/wildfly-elytron-audit,org.wildfly.security.audit,FileAuditEndpoint,192,0,14,0,58,0,18,0,11,0
WildFly Elytron/wildfly-elytron-audit,org.wildfly.security.audit,PeriodicRotatingFileAuditEndpoint,211,0,24,0,57,0,20,0,5,0
WildFly Elytron/wildfly-elytron-audit,org.wildfly.security.audit,PeriodicRotatingFileAuditEndpoint.Builder,115,0,14,0,22,0,15,0,4,0
WildFly Elytron/wildfly-elytron-audit,org.wildfly.security.audit,SyslogAuditEndpoint.new TcpOutputStream() {...},9,0,0,0,1,0,1,0,1,0
WildFly Elytron/wildfly-elytron-audit,org.wildfly.security.audit,AuditLogger,63,0,2,0,18,0,4,0,3,0
WildFly Elytron/wildfly-elytron-audit,org.wildfly.security.audit,SizeRotatingFileAuditEndpoint.Builder,45,0,0,0,16,0,7,0,7,0
WildFly Elytron/wildfly-elytron-audit,org.wildfly.security.audit,FileAuditEndpoint.Builder,75,0,2,0,21,0,9,0,8,0
WildFly Elytron/wildfly-elytron-audit,org.wildfly.security.audit,SimpleSecurityEventFormatter.Builder,24,0,0,0,6,0,4,0,4,0
WildFly Elytron/wildfly-elytron-audit,org.wildfly.security.audit,ElytronMessages_.logger,170,0,0,0,38,0,20,0,20,0
WildFly Elytron/wildfly-elytron-audit,org.wildfly.security.audit,SimpleSecurityEventFormatter,251,0,2,0,53,0,15,0,14,0
WildFly Elytron/wildfly-elytron-audit,org.wildfly.security.audit,JsonSecurityEventFormatter.Builder,24,0,0,0,6,0,4,0,4,0
WildFly Elytron/wildfly-elytron-audit,org.wildfly.security.audit,JsonSecurityEventFormatter,252,0,4,0,60,0,16,0,14,0
WildFly Elytron/wildfly-elytron-audit,org.wildfly.security.audit,PeriodicRotatingFileAuditEndpoint.Period,84,0,0,0,9,0,1,0,1,0
WildFly Elytron/wildfly-elytron-audit,org.wildfly.security.audit,AuditLogger.Builder,32,0,0,0,9,0,5,0,5,0
WildFly Elytron/wildfly-elytron-audit,org.wildfly.security.audit,SyslogAuditEndpoint,285,0,37,0,66,0,29,0,9,0
WildFly Elytron/wildfly-elytron-audit,org.wildfly.security.audit,SizeRotatingFileAuditEndpoint,224,0,24,0,37,0,17,0,5,0
WildFly Elytron/wildfly-elytron-audit,org.wildfly.security.audit,ElytronMessages,6,0,0,0,1,0,1,0,1,0
WildFly Elytron/wildfly-elytron-audit,org.wildfly.security.audit,EventPriority,94,0,0,0,10,0,1,0,1,0
WildFly Elytron/wildfly-elytron-audit,org.wildfly.security.audit,SyslogAuditEndpoint.TransportErrorManager,54,0,10,0,17,0,9,0,4,0
WildFly Elytron/wildfly-elytron-audit,org.wildfly.security.audit,AuditEndpoint,1,0,0,0,1,0,1,0,1,0
WildFly Elytron/wildfly-elytron-auth,org.wildfly.security.auth.principal,NamePrincipal,4,40,3,5,1,8,4,6,1,5
WildFly Elytron/wildfly-elytron-auth,org.wildfly.security.auth.principal,CompositePrincipal,252,0,36,0,44,0,35,0,17,0
WildFly Elytron/wildfly-elytron-auth,org.wildfly.security.auth.principal,RealmNestedPrincipal,110,0,18,0,18,0,19,0,10,0
WildFly Elytron/wildfly-elytron-auth,org.wildfly.security.auth.principal,NumericPrincipal,49,0,8,0,11,0,12,0,8,0
WildFly Elytron/wildfly-elytron-auth,org.wildfly.security.auth.principal,AnonymousPrincipal,13,13,0,0,7,5,6,4,6,4
WildFly Elytron/wildfly-elytron-auth,org.wildfly.security.auth,SupportLevel,90,49,28,2,11,7,22,3,7,3
WildFly Elytron/wildfly-elytron-auth,org.wildfly.security.auth,AuthenticationException,16,0,0,0,8,0,4,0,4,0
WildFly Elytron/wildfly-elytron-auth,org.wildfly.security.auth,ReauthenticationException,16,0,0,0,8,0,4,0,4,0
WildFly Elytron/wildfly-elytron-auth-server,org.wildfly.security.authz,Attributes.3.new Iterator() {...},23,0,0,0,5,0,4,0,4,0
WildFly Elytron/wildfly-elytron-auth-server,org.wildfly.security.authz,DisjunctionRoles.new Iterator() {...},4,76,1,11,1,18,1,8,0,3
WildFly Elytron/wildfly-elytron-auth-server,org.wildfly.security.authz,UnionRoles.new Iterator() {...},4,65,1,9,1,16,1,7,0,3
WildFly Elytron/wildfly-elytron-auth-server,org.wildfly.security.authz,AddPrefixRoles.new Iterator() {...},0,27,0,0,0,3,0,3,0,3
WildFly Elytron/wildfly-elytron-auth-server,org.wildfly.security.authz,PermissionMapper,58,8,0,0,4,2,9,3,9,3
WildFly Elytron/wildfly-elytron-auth-server,org.wildfly.security.authz,Attributes.new AbstractSet() {...},51,0,8,0,8,0,10,0,6,0
WildFly Elytron/wildfly-elytron-auth-server,org.wildfly.security.authz,Attributes.new AbstractCollection() {...},117,0,18,0,25,0,16,0,7,0
WildFly Elytron/wildfly-elytron-auth-server,org.wildfly.security.authz,Attributes.new Attributes() {...},14,40,2,0,3,6,2,6,1,6
WildFly Elytron/wildfly-elytron-auth-server,org.wildfly.security.authz,DifferenceRoles,5,33,0,4,1,7,1,5,1,3
WildFly Elytron/wildfly-elytron-auth-server,org.wildfly.security.authz,SourceAddressRoleDecoder,0,71,1,9,0,23,1,7,0,3
WildFly Elytron/wildfly-elytron-auth-server,org.wildfly.security.authz,RegexRoles,0,99,0,18,0,18,0,13,0,4
WildFly Elytron/wildfly-elytron-auth-server,org.wildfly.security.authz,MappedRoles.new Iterator() {...},4,56,1,7,1,14,1,6,0,3
WildFly Elytron/wildfly-elytron-auth-server,org.wildfly.security.authz,Attributes.2.new Iterator() {...},60,0,10,0,15,0,9,0,4,0
WildFly Elytron/wildfly-elytron-auth-server,org.wildfly.security.authz,DisjunctionRoles,13,37,2,2,2,8,3,4,2,3
WildFly Elytron/wildfly-elytron-auth-server,org.wildfly.security.authz,SimplePermissionMapper,105,0,22,0,21,0,16,0,3,0
WildFly Elytron/wildfly-elytron-auth-server,org.wildfly.security.authz,SimplePermissionMapper.Builder,79,0,2,0,20,0,8,0,7,0
WildFly Elytron/wildfly-elytron-auth-server,org.wildfly.security.authz,Roles.new Roles() {...},5,23,0,0,2,5,1,5,1,5
WildFly Elytron/wildfly-elytron-auth-server,org.wildfly.security.authz,Roles.new Roles() {...},16,9,0,0,8,4,8,4,8,4
WildFly Elytron/wildfly-elytron-auth-server,org.wildfly.security.authz,MapAttributes,416,220,67,15,94,44,57,19,20,15
WildFly Elytron/wildfly-elytron-auth-server,org.wildfly.security.authz,AddSuffixRoles,1,41,2,2,0,8,2,3,0,3
WildFly Elytron/wildfly-elytron-auth-server,org.wildfly.security.authz,Attributes.new Attributes() {...},4,15,0,0,2,5,2,5,2,5
WildFly Elytron/wildfly-elytron-auth-server,org.wildfly.security.authz,RegexRoleMapper,0,64,0,4,0,16,0,4,0,2
WildFly Elytron/wildfly-elytron-auth-server,org.wildfly.security.authz,SimplePermissionMapper.MappingMode,54,0,0,0,6,0,1,0,1,0
WildFly Elytron/wildfly-elytron-auth-server,org.wildfly.security.authz,AggregateAttributes,6,87,1,7,1,18,1,10,0,7
WildFly Elytron/wildfly-elytron-auth-server,org.wildfly.security.authz,MapAttributes.EntriesList,9,7,0,0,4,4,2,2,2,2
WildFly Elytron/wildfly-elytron-auth-server,org.wildfly.security.authz,RegexRoles.new Iterator() {...},4,83,1,11,1,17,1,8,0,3
WildFly Elytron/wildfly-elytron-auth-server,org.wildfly.security.authz,OneRole,67,11,6,0,8,4,11,2,8,2
WildFly Elytron/wildfly-elytron-auth-server,org.wildfly.security.authz,RoleMapper,130,14,4,0,18,3,14,4,12,4
WildFly Elytron/wildfly-elytron-auth-server,org.wildfly.security.authz,RegexRoleMapper.Builder,0,43,0,0,0,14,0,6,0,6
WildFly Elytron/wildfly-elytron-auth-server,org.wildfly.security.authz,Attributes,318,56,54,6,64,13,53,7,25,5
WildFly Elytron/wildfly-elytron-auth-server,org.wildfly.security.authz,AuthorizationCheckException,28,0,0,0,9,0,3,0,3,0
WildFly Elytron/wildfly-elytron-auth-server,org.wildfly.security.authz,DifferenceRoles.new Iterator() {...},4,50,1,7,1,13,1,6,0,3
WildFly Elytron/wildfly-elytron-auth-server,org.wildfly.security.authz,MappedRoles,0,35,0,2,0,9,0,4,0,3
WildFly Elytron/wildfly-elytron-auth-server,org.wildfly.security.authz,RoleDecoder,4,63,1,5,0,11,1,8,0,6
WildFly Elytron/wildfly-elytron-auth-server,org.wildfly.security.authz,MapAttributes.new AbstractCollection() {...},4,18,0,0,1,3,1,2,1,2
WildFly Elytron/wildfly-elytron-auth-server,org.wildfly.security.authz,PermissionMappable,8,0,0,0,4,0,4,0,4,0
WildFly Elytron/wildfly-elytron-auth-server,org.wildfly.security.authz,AuthorizationFailureException,11,0,0,0,4,0,2,0,2,0
WildFly Elytron/wildfly-elytron-auth-server,org.wildfly.security.authz,IntersectionRoles,5,33,0,4,1,7,1,5,1,3
WildFly Elytron/wildfly-elytron-auth-server,org.wildfly.security.authz,AddPrefixRoles,1,37,2,2,0,8,2,3,0,3
WildFly Elytron/wildfly-elytron-auth-server,org.wildfly.security.authz,MappedRoleMapper.Builder,0,15,0,0,0,5,0,3,0,3
WildFly Elytron/wildfly-elytron-auth-server,org.wildfly.security.authz,UnionRoles,5,38,0,4,1,8,1,5,1,3
WildFly Elytron/wildfly-elytron-auth-server,org.wildfly.security.authz,Attributes.4.1.new Iterator() {...},22,0,0,0,3,0,3,0,3,0
WildFly Elytron/wildfly-elytron-auth-server,org.wildfly.security.authz,SimplePermissionMapper.Mapping,22,0,0,0,5,0,1,0,1,0
WildFly Elytron/wildfly-elytron-auth-server,org.wildfly.security.authz,Attributes.4.new AbstractCollection() {...},24,0,0,0,4,0,3,0,3,0
WildFly Elytron/wildfly-elytron-auth-server,org.wildfly.security.authz,Attributes.Entry,4,0,0,0,1,0,1,0,1,0
WildFly Elytron/wildfly-elytron-auth-server,org.wildfly.security.authz,Attributes.SetEntry,4,0,0,0,1,0,1,0,1,0
WildFly Elytron/wildfly-elytron-auth-server,org.wildfly.security.authz,Roles,38,172,15,21,4,30,16,15,2,11
WildFly Elytron/wildfly-elytron-auth-server,org.wildfly.security.authz,AddSuffixRoles.new Iterator() {...},0,27,0,0,0,3,0,3,0,3
WildFly Elytron/wildfly-elytron-auth-server,org.wildfly.security.authz,IntersectionRoles.new Iterator() {...},4,50,1,7,1,13,1,6,0,3
WildFly Elytron/wildfly-elytron-auth-server,org.wildfly.security.authz,AuthorizationIdentity,4,51,0,0,1,8,2,8,2,8
WildFly Elytron/wildfly-elytron-auth-server,org.wildfly.security.authz,AuthorizationException,26,0,0,0,9,0,3,0,3,0
WildFly Elytron/wildfly-elytron-auth-server,org.wildfly.security.authz,MapAttributes.1.new Iterator() {...},4,22,0,0,2,3,1,3,1,3
WildFly Elytron/wildfly-elytron-auth-server,org.wildfly.security.authz,AuthorizationIdentity.new AuthorizationIdentity() {...},3,14,0,0,1,2,1,2,1,2
WildFly Elytron/wildfly-elytron-auth-server,org.wildfly.security.authz,SimpleAttributesEntry,80,57,10,4,11,11,14,8,8,7
WildFly Elytron/wildfly-elytron-auth-server,org.wildfly.security.authz,AuthorizationIdentity.new AuthorizationIdentity() {...},8,17,0,0,2,2,2,2,2,2
WildFly Elytron/wildfly-elytron-auth-server,org.wildfly.security.authz,MappedRoleMapper,10,143,3,11,3,31,4,9,1,5
WildFly Elytron/wildfly-elytron-auth-server,org.wildfly.security.auth.permission,RunAsPrincipalPermission,9,4,0,0,3,2,2,1,2,1
WildFly Elytron/wildfly-elytron-auth-server,org.wildfly.security.auth.permission,LoginPermission,6,10,0,0,4,4,2,3,2,3
WildFly Elytron/wildfly-elytron-auth-server,org.wildfly.security.auth.permission,ChangeRoleMapperPermission,13,0,0,0,5,0,3,0,3,0
WildFly Elytron/wildfly-elytron-auth-server,org.wildfly.security.auth.server,MechanismInformation.new MechanismInformation() {...},8,3,0,0,4,1,4,1,4,1
WildFly Elytron/wildfly-elytron-auth-server,org.wildfly.security.auth.server,SecurityRealm,16,42,2,2,4,12,4,5,2,5
WildFly Elytron/wildfly-elytron-auth-server,org.wildfly.security.auth.server,IdentityCredentials.Two,336,0,48,0,56,0,39,0,15,0
WildFly Elytron/wildfly-elytron-auth-server,org.wildfly.security.auth.server,ServerAuthenticationContext.RealmAssignedState,131,0,6,0,17,0,8,0,5,0
WildFly Elytron/wildfly-elytron-auth-server,org.wildfly.security.auth.server,RealmIdentity.new RealmIdentity() {...},6,27,0,0,3,9,3,5,3,5
WildFly Elytron/wildfly-elytron-auth-server,org.wildfly.security.auth.server,RealmIdentity.new RealmIdentity() {...},28,3,0,0,10,1,6,1,6,1
WildFly Elytron/wildfly-elytron-auth-server,org.wildfly.security.auth.server,ServerAuthenticationContext.UnassignedState,417,125,68,6,88,26,46,5,10,4
WildFly Elytron/wildfly-elytron-auth-server,org.wildfly.security.auth.server,IdentityCredentials.Key,93,0,12,0,16,0,14,0,8,0
WildFly Elytron/wildfly-elytron-auth-server,org.wildfly.security.auth.server,MechanismConfigurationSelector,41,5,6,0,7,1,7,2,4,2
WildFly Elytron/wildfly-elytron-auth-server,org.wildfly.security.auth.server,ServerAuthenticationContext.State,86,9,5,1,26,4,29,3,26,3
WildFly Elytron/wildfly-elytron-auth-server,org.wildfly.security.auth.server,IdentityCredentials.One,108,74,15,5,23,13,16,9,7,8
WildFly Elytron/wildfly-elytron-auth-server,org.wildfly.security.auth.server,ModifiableRealmIdentity,5,5,0,0,2,1,1,1,1,1
WildFly Elytron/wildfly-elytron-auth-server,org.wildfly.security.auth.server,ModifiableRealmIdentityIterator,5,0,0,0,2,0,2,0,2,0
WildFly Elytron/wildfly-elytron-auth-server,org.wildfly.security.auth.server,Scoped,169,0,32,0,39,0,34,0,18,0
WildFly Elytron/wildfly-elytron-auth-server,org.wildfly.security.auth.server,IdentityCredentials.new IdentityCredentials() {...},48,32,1,1,17,9,11,6,10,6
WildFly Elytron/wildfly-elytron-auth-server,org.wildfly.security.auth.server,SecurityDomain.Builder,148,168,7,7,45,48,22,10,16,9
WildFly Elytron/wildfly-elytron-auth-server,org.wildfly.security.auth.server,ServerAuthenticationContext.AuthorizedAuthenticationState,122,124,7,3,21,23,12,5,7,5
WildFly Elytron/wildfly-elytron-auth-server,org.wildfly.security.auth.server,ServerAuthenticationContext.InvalidNameState,37,0,2,0,11,0,6,0,5,0
WildFly Elytron/wildfly-elytron-auth-server,org.wildfly.security.auth.server,SecurityIdentity,1033,361,84,16,235,88,83,25,34,24
WildFly Elytron/wildfly-elytron-auth-server,org.wildfly.security.auth.server,SecurityRealm.new SecurityRealm() {...},18,3,0,0,7,1,5,1,5,1
WildFly Elytron/wildfly-elytron-auth-server,org.wildfly.security.auth.server,IdentityCredentials,223,139,25,7,32,25,34,16,19,15
WildFly Elytron/wildfly-elytron-auth-server,org.wildfly.security.auth.server,ServerAuthenticationContext.AuthorizedState,227,50,22,2,45,14,19,8,7,8
WildFly Elytron/wildfly-elytron-auth-server,org.wildfly.security.auth.server,ModifiableRealmIdentityIterator.new ModifiableRealmIdentityIterator() {...},7,0,0,0,3,0,3,0,3,0
WildFly Elytron/wildfly-elytron-auth-server,org.wildfly.security.auth.server,ServerAuthenticationContext.ActiveState,74,71,13,7,19,17,12,2,2,2
WildFly Elytron/wildfly-elytron-auth-server,org.wildfly.security.auth.server,ModifiableRealmIdentity.new ModifiableRealmIdentity() {...},38,3,0,0,14,1,10,1,10,1
WildFly Elytron/wildfly-elytron-auth-server,org.wildfly.security.auth.server,ServerAuthenticationContext.NameAssignedState,314,200,30,12,53,43,33,11,14,9
WildFly Elytron/wildfly-elytron-auth-server,org.wildfly.security.auth.server,FlexibleIdentityAssociation,168,0,10,0,40,0,17,0,12,0
WildFly Elytron/wildfly-elytron-auth-server,org.wildfly.security.auth.server,MechanismAuthenticationFactory,5,0,0,0,1,0,1,0,1,0
WildFly Elytron/wildfly-elytron-auth-server,org.wildfly.security.auth.server,MechanismRealmConfiguration.Builder,68,0,0,0,20,0,7,0,7,0
WildFly Elytron/wildfly-elytron-auth-server,org.wildfly.security.auth.server,RealmUnavailableException,8,8,0,0,4,4,2,2,2,2
WildFly Elytron/wildfly-elytron-auth-server,org.wildfly.security.auth.server,AbstractMechanismAuthenticationFactory.Builder,35,0,0,0,13,0,7,0,7,0
WildFly Elytron/wildfly-elytron-auth-server,org.wildfly.security.auth.server,MechanismInformation,0,5,0,0,0,1,0,1,0,1
WildFly Elytron/wildfly-elytron-auth-server,org.wildfly.security.auth.server,RealmMapper,129,9,10,0,22,2,17,3,12,3
WildFly Elytron/wildfly-elytron-auth-server,org.wildfly.security.auth.server,ServerAuthenticationContext,378,285,18,10,71,58,43,21,29,21
WildFly Elytron/wildfly-elytron-auth-server,org.wildfly.security.auth.server,PrincipalDecoder,171,0,16,0,36,0,23,0,15,0
WildFly Elytron/wildfly-elytron-auth-server,org.wildfly.security.auth.server,ServerAuthenticationContext.InitialState,205,27,15,1,28,8,13,2,5,2
WildFly Elytron/wildfly-elytron-auth-server,org.wildfly.security.auth.server,ServerAuthenticationContext.AnonymousAuthorizedState,77,17,10,0,23,6,20,4,15,4
WildFly Elytron/wildfly-elytron-auth-server,org.wildfly.security.auth.server,ServerAuthenticationContext.CompleteState,3,9,0,0,2,4,2,2,2,2
WildFly Elytron/wildfly-elytron-auth-server,org.wildfly.security.auth.server,SecurityDomain,647,464,91,29,135,125,96,29,37,28
WildFly Elytron/wildfly-elytron-auth-server,org.wildfly.security.auth.server,EvidenceDecoder,37,0,4,0,8,0,5,0,3,0
WildFly Elytron/wildfly-elytron-auth-server,org.wildfly.security.auth.server,RealmIdentity,109,12,20,0,21,4,18,3,8,3
WildFly Elytron/wildfly-elytron-auth-server,org.wildfly.security.auth.server,ModifiableSecurityRealm,13,0,2,0,3,0,3,0,2,0
WildFly Elytron/wildfly-elytron-auth-server,org.wildfly.security.auth.server,SecurityDomain.ScheduledExecutorServiceProvider,22,0,0,0,7,0,2,0,2,0
WildFly Elytron/wildfly-elytron-auth-server,org.wildfly.security.auth.server,NameRewriter,169,25,23,3,34,6,23,4,10,4
WildFly Elytron/wildfly-elytron-auth-server,org.wildfly.security.auth.server,SecurityDomain.RealmBuilder,30,64,1,1,10,23,4,9,3,9
WildFly Elytron/wildfly-elytron-auth-server,org.wildfly.security.auth.server,AbstractMechanismAuthenticationFactory,189,0,32,0,38,0,21,0,5,0
WildFly Elytron/wildfly-elytron-auth-server,org.wildfly.security.auth.server,ServerAuthenticationContext.new CallbackHandler() {...},926,0,106,0,220,0,57,0,4,0
WildFly Elytron/wildfly-elytron-auth-server,org.wildfly.security.auth.server,ServerAuthenticationContext.new ServerAuthenticationContext.State() {...},2,4,0,0,1,2,1,2,1,2
WildFly Elytron/wildfly-elytron-auth-server,org.wildfly.security.auth.server,ServerAuthenticationContext.InactiveState,252,94,9,1,40,21,19,6,14,6
WildFly Elytron/wildfly-elytron-auth-server,org.wildfly.security.auth.server,IdentityCredentials.Many,534,0,56,0,115,0,47,0,19,0
WildFly Elytron/wildfly-elytron-auth-server,org.wildfly.security.auth.server,MechanismConfiguration.Builder,132,0,4,0,36,0,13,0,11,0
WildFly Elytron/wildfly-elytron-auth-server,org.wildfly.security.auth.server,MechanismRealmConfiguration,7,40,0,0,2,12,2,6,2,6
WildFly Elytron/wildfly-elytron-auth-server,org.wildfly.security.auth.server,MechanismConfiguration,56,59,5,1,12,17,6,7,3,7
WildFly Elytron/wildfly-elytron-auth-server,org.wildfly.security.auth.server,RealmInfo,20,53,0,0,2,18,2,6,2,6
WildFly Elytron/wildfly-elytron-auth-server,org.wildfly.security.auth.server.event,RealmAbandonedAuthenticationEvent,13,0,0,0,5,0,4,0,4,0
WildFly Elytron/wildfly-elytron-auth-server,org.wildfly.security.auth.server.event,SyslogAuditEvent,15,0,0,0,5,0,3,0,3,0
WildFly Elytron/wildfly-elytron-auth-server,org.wildfly.security.auth.server.event,SecurityPermissionCheckSuccessfulEvent,5,6,0,0,1,2,1,1,1,1
WildFly Elytron/wildfly-elytron-auth-server,org.wildfly.security.auth.server.event,SecurityDefiniteOutcomeEvent,3,7,0,0,1,3,1,1,1,1
WildFly Elytron/wildfly-elytron-auth-server,org.wildfly.security.auth.server.event,SecurityAuthenticationEvent,5,5,0,0,1,2,1,1,1,1
WildFly Elytron/wildfly-elytron-auth-server,org.wildfly.security.auth.server.event,RealmIdentityAuthorizationEvent,8,8,0,0,2,3,2,1,2,1
WildFly Elytron/wildfly-elytron-auth-server,org.wildfly.security.auth.server.event,Rfc5424SyslogEvent,5,0,0,0,2,0,1,0,1,0
WildFly Elytron/wildfly-elytron-auth-server,org.wildfly.security.auth.server.event,SecurityEventVisitor,50,0,0,0,12,0,11,0,11,0
WildFly Elytron/wildfly-elytron-auth-server,org.wildfly.security.auth.server.event,SecurityEvent,8,15,0,0,2,5,2,2,2,2
WildFly Elytron/wildfly-elytron-auth-server,org.wildfly.security.auth.server.event,RealmEventVisitor,50,0,0,0,12,0,11,0,11,0
WildFly Elytron/wildfly-elytron-auth-server,org.wildfly.security.auth.server.event,SecurityRealmUnavailableEvent,15,0,0,0,5,0,3,0,3,0
WildFly Elytron/wildfly-elytron-auth-server,org.wildfly.security.auth.server.event,SecurityPermissionCheckFailedEvent,5,6,0,0,1,2,1,1,1,1
WildFly Elytron/wildfly-elytron-auth-server,org.wildfly.security.auth.server.event,RealmIdentitySuccessfulAuthorizationEvent,7,6,0,0,2,2,2,1,2,1
WildFly Elytron/wildfly-elytron-auth-server,org.wildfly.security.auth.server.event,SecurityAuthenticationSuccessfulEvent,5,5,0,0,1,2,1,1,1,1
WildFly Elytron/wildfly-elytron-auth-server,org.wildfly.security.auth.server.event,RealmDefiniteOutcomeAuthenticationEvent,18,10,2,0,4,4,5,1,4,1
WildFly Elytron/wildfly-elytron-auth-server,org.wildfly.security.auth.server.event,RealmEvent,5,3,0,0,1,2,1,1,1,1
WildFly Elytron/wildfly-elytron-auth-server,org.wildfly.security.auth.server.event,RealmAuthorizationEvent,11,9,0,0,3,4,3,1,3,1
WildFly Elytron/wildfly-elytron-auth-server,org.wildfly.security.auth.server.event,RealmSuccessfulAuthenticationEvent,10,9,0,0,3,3,3,1,3,1
WildFly Elytron/wildfly-elytron-auth-server,org.wildfly.security.auth.server.event,Rfc3164SyslogEvent,5,0,0,0,2,0,1,0,1,0
WildFly Elytron/wildfly-elytron-auth-server,org.wildfly.security.auth.server.event,RealmFailedAuthenticationEvent,7,6,0,0,2,2,2,1,2,1
WildFly Elytron/wildfly-elytron-auth-server,org.wildfly.security.auth.server.event,RealmAuthenticationEvent,8,6,0,0,2,3,2,1,2,1
WildFly Elytron/wildfly-elytron-auth-server,org.wildfly.security.auth.server.event,RealmIdentityFailedAuthorizationEvent,13,0,0,0,4,0,3,0,3,0
WildFly Elytron/wildfly-elytron-auth-server,org.wildfly.security.auth.server.event,SecurityPermissionCheckEvent,8,8,0,0,2,3,2,1,2,1
WildFly Elytron/wildfly-elytron-auth-server,org.wildfly.security.auth.server.event,SecurityAuthenticationFailedEvent,8,8,0,0,2,3,2,1,2,1
WildFly Elytron/wildfly-elytron-auth-server,org.wildfly.security.ssl,SSLConnection.new SSLConnection() {...},15,0,0,0,3,0,3,0,3,0
WildFly Elytron/wildfly-elytron-auth-server,org.wildfly.security.ssl,SSLConnection.new SSLConnection() {...},14,0,0,0,3,0,3,0,3,0
WildFly Elytron/wildfly-elytron-auth-server,org.wildfly.security.ssl,SSLConnection.new SSLConnection() {...},14,0,0,0,3,0,3,0,3,0
WildFly Elytron/wildfly-elytron-auth-server,org.wildfly.security.ssl,SSLConnection,124,0,18,0,36,0,15,0,6,0
WildFly Elytron/wildfly-elytron-auth-server,org.wildfly.security.ssl,TLSServerEndPointChannelBinding,58,0,14,0,21,0,11,0,3,0
WildFly Elytron/wildfly-elytron-auth-server,org.wildfly.security.auth.server._private,ElytronMessages_.logger,486,75,0,0,107,20,54,10,54,10
WildFly Elytron/wildfly-elytron-auth-server,org.wildfly.security.auth.server._private,ElytronMessages,0,6,0,0,0,1,0,1,0,1
WildFly Elytron/wildfly-elytron-auth-server,org.wildfly.security.cache,LRURealmIdentityCache.CacheEntry,17,27,4,2,2,8,4,3,1,3
WildFly Elytron/wildfly-elytron-auth-server,org.wildfly.security.cache,LRURealmIdentityCache.new LinkedHashMap() {...},0,23,0,2,0,2,0,3,0,2
WildFly Elytron/wildfly-elytron-auth-server,org.wildfly.security.cache,LRURealmIdentityCache,46,195,14,14,14,46,12,13,0,11
WildFly Elytron/wildfly-elytron-auth-server,org.wildfly.security.cache,RealmIdentityCache,29,0,4,0,7,0,3,0,1,0
WildFly Elytron/wildfly-elytron-auth-server,org.wildfly.security.cache,CachedIdentity,82,0,0,0,15,0,8,0,8,0
WildFly Elytron/wildfly-elytron-auth-server,org.wildfly.security.credential.source,CredentialSource,93,35,5,1,15,7,12,4,9,4
WildFly Elytron/wildfly-elytron-auth-server,org.wildfly.security.credential.source,CredentialSource.new CredentialSource() {...},68,28,17,1,13,4,11,2,2,2
WildFly Elytron/wildfly-elytron-auth-server,org.wildfly.security.credential.source,CredentialSource.new CredentialSource() {...},2,5,0,0,1,2,1,2,1,2
WildFly Elytron/wildfly-elytron-auth-server,org.wildfly.security.credential.source,CredentialSource.new CredentialSource() {...},100,0,20,0,14,0,15,0,5,0
WildFly Elytron/wildfly-elytron-auth-server,org.wildfly.security.credential.source,CredentialSource.new CredentialSource() {...},32,0,2,0,7,0,4,0,3,0
WildFly Elytron/wildfly-elytron-auth-server,org.wildfly.security.auth.callback,SSLCallback,17,0,0,0,6,0,3,0,3,0
WildFly Elytron/wildfly-elytron-auth-server,org.wildfly.security.auth.callback,EvidenceDecodePrincipalCallback,47,0,4,0,10,0,8,0,6,0
WildFly Elytron/wildfly-elytron-auth-server,org.wildfly.security.auth.callback,OptionalNameCallback,11,0,0,0,5,0,3,0,3,0
WildFly Elytron/wildfly-elytron-auth-server,org.wildfly.security.auth.callback,ServerCredentialCallback,20,0,0,0,7,0,4,0,4,0
WildFly Elytron/wildfly-elytron-auth-server,org.wildfly.security.auth.callback,AbstractCredentialCallback,177,0,28,0,32,0,31,0,17,0
WildFly Elytron/wildfly-elytron-auth-server,org.wildfly.security.auth.callback,ExtendedCallback,4,0,0,0,2,0,2,0,2,0
WildFly Elytron/wildfly-elytron-auth-server,org.wildfly.security.auth.callback,SocketAddressCallback,26,0,0,0,8,0,4,0,4,0
WildFly Elytron/wildfly-elytron-auth-server,org.wildfly.security.auth.callback,FastUnsupportedCallbackException,43,0,2,0,11,0,9,0,8,0
WildFly Elytron/wildfly-elytron-auth-server,org.wildfly.security.auth.callback,CallbackUtil,20,0,6,0,4,0,5,0,2,0
WildFly Elytron/wildfly-elytron-auth-server,org.wildfly.security.auth.callback,PeerPrincipalCallback,13,0,0,0,5,0,2,0,2,0
WildFly Elytron/wildfly-elytron-auth-server,org.wildfly.security.auth.callback,SocketAddressCallback.Kind,24,0,0,0,3,0,1,0,1,0
WildFly Elytron/wildfly-elytron-auth-server,org.wildfly.security.auth.callback,MechanismInformationCallback,9,0,0,0,4,0,2,0,2,0
WildFly Elytron/wildfly-elytron-auth-server,org.wildfly.security.auth.callback,SocketAddressQueryCallbackHandler,136,0,18,0,32,0,11,0,2,0
WildFly Elytron/wildfly-elytron-auth-server,org.wildfly.security.auth.callback,AnonymousAuthorizationCallback,20,0,0,0,9,0,6,0,6,0
WildFly Elytron/wildfly-elytron-auth-server,org.wildfly.security.auth.callback,TrustedAuthoritiesCallback,12,0,0,0,6,0,4,0,4,0
WildFly Elytron/wildfly-elytron-auth-server,org.wildfly.security.auth.callback,IdentityCredentialCallback,15,0,0,0,6,0,3,0,3,0
WildFly Elytron/wildfly-elytron-auth-server,org.wildfly.security.auth.callback,ParameterCallback,88,0,12,0,20,0,14,0,8,0
WildFly Elytron/wildfly-elytron-auth-server,org.wildfly.security.auth.callback,AvailableRealmsCallback,35,0,2,0,10,0,6,0,5,0
WildFly Elytron/wildfly-elytron-auth-server,org.wildfly.security.auth.callback,ChannelBindingCallback,19,0,0,0,9,0,6,0,6,0
WildFly Elytron/wildfly-elytron-auth-server,org.wildfly.security.auth.callback,PrincipalAuthorizeCallback,33,0,0,0,12,0,5,0,5,0
WildFly Elytron/wildfly-elytron-auth-server,org.wildfly.security.auth.callback,AuthenticationCompleteCallback,34,0,4,0,8,0,7,0,5,0
WildFly Elytron/wildfly-elytron-auth-server,org.wildfly.security.auth.callback,SecurityIdentityCallback,10,0,0,0,5,0,3,0,3,0
WildFly Elytron/wildfly-elytron-auth-server,org.wildfly.security.auth.callback,CredentialUpdateCallback,29,0,2,0,8,0,5,0,4,0
WildFly Elytron/wildfly-elytron-auth-server,org.wildfly.security.auth.callback,ExtendedChoiceCallback,15,0,0,0,5,0,3,0,3,0
WildFly Elytron/wildfly-elytron-auth-server,org.wildfly.security.auth.callback,ExclusiveNameCallback,36,0,0,0,14,0,7,0,7,0
WildFly Elytron/wildfly-elytron-auth-server,org.wildfly.security.auth.callback,SecurityLayerDisposedCallback,11,0,0,0,4,0,4,0,4,0
WildFly Elytron/wildfly-elytron-auth-server,org.wildfly.security.auth.callback,CredentialCallback,25,0,2,0,7,0,5,0,4,0
WildFly Elytron/wildfly-elytron-auth-server,org.wildfly.security.auth.callback,PasswordResetCallback,51,0,6,0,16,0,10,0,7,0
WildFly Elytron/wildfly-elytron-auth-server,org.wildfly.security.auth.callback,CachedIdentityAuthorizeCallback,144,0,8,0,43,0,24,0,20,0
WildFly Elytron/wildfly-elytron-auth-server,org.wildfly.security.auth.callback,EvidenceVerifyCallback,58,0,4,0,15,0,12,0,10,0
WildFly Elytron/wildfly-elytron-auth-server-deprecated,org.wildfly.security.auth.server,SaslAuthenticationFactory,84,0,6,0,19,0,13,0,10,0
WildFly Elytron/wildfly-elytron-auth-server-deprecated,org.wildfly.security.auth.server,SecurityIdentityServerMechanismFactory,37,0,2,0,9,0,4,0,3,0
WildFly Elytron/wildfly-elytron-auth-server-deprecated,org.wildfly.security.auth.server,SecurityIdentityServerMechanismFactory.SecurityIdentityCallbackHandler,71,0,8,0,16,0,7,0,3,0
WildFly Elytron/wildfly-elytron-auth-server-deprecated,org.wildfly.security.auth.server,ElytronMessages_.logger,12,0,0,0,5,0,3,0,3,0
WildFly Elytron/wildfly-elytron-auth-server-deprecated,org.wildfly.security.auth.server,SecurityIdentityServerMechanismFactory.new HttpServerAuthenticationMechanism() {...},38,0,2,0,8,0,6,0,5,0
WildFly Elytron/wildfly-elytron-auth-server-deprecated,org.wildfly.security.auth.server,SaslAuthenticationFactory.Builder,56,0,2,0,13,0,6,0,5,0
WildFly Elytron/wildfly-elytron-auth-server-deprecated,org.wildfly.security.auth.server,HttpAuthenticationFactory,108,0,9,0,23,0,15,0,10,0
WildFly Elytron/wildfly-elytron-auth-server-deprecated,org.wildfly.security.auth.server,ElytronMessages,6,0,0,0,1,0,1,0,1,0
WildFly Elytron/wildfly-elytron-auth-server-deprecated,org.wildfly.security.auth.server,HttpAuthenticationFactory.Builder,32,0,0,0,9,0,5,0,5,0
WildFly Elytron/wildfly-elytron-auth-server-http,org.wildfly.security.auth.server.http,HttpAuthenticationFactory.Builder,32,0,0,0,9,0,5,0,5,0
WildFly Elytron/wildfly-elytron-auth-server-http,org.wildfly.security.auth.server.http,HttpAuthenticationFactory,108,0,9,0,23,0,15,0,10,0
WildFly Elytron/wildfly-elytron-auth-server-http,org.wildfly.security.auth.server.http,ElytronMessages_.logger,12,0,0,0,5,0,3,0,3,0
WildFly Elytron/wildfly-elytron-auth-server-http,org.wildfly.security.auth.server.http,SecurityIdentityServerMechanismFactory.SecurityIdentityCallbackHandler,71,0,8,0,16,0,7,0,3,0
WildFly Elytron/wildfly-elytron-auth-server-http,org.wildfly.security.auth.server.http,SecurityIdentityServerMechanismFactory,37,0,2,0,9,0,4,0,3,0
WildFly Elytron/wildfly-elytron-auth-server-http,org.wildfly.security.auth.server.http,ElytronMessages,6,0,0,0,1,0,1,0,1,0
WildFly Elytron/wildfly-elytron-auth-server-http,org.wildfly.security.auth.server.http,SecurityIdentityServerMechanismFactory.new HttpServerAuthenticationMechanism() {...},38,0,2,0,8,0,6,0,5,0
WildFly Elytron/wildfly-elytron-auth-server-sasl,org.wildfly.security.auth.server.sasl,ElytronMessages,6,0,0,0,1,0,1,0,1,0
WildFly Elytron/wildfly-elytron-auth-server-sasl,org.wildfly.security.auth.server.sasl,SaslAuthenticationFactory.Builder,71,0,4,0,18,0,9,0,7,0
WildFly Elytron/wildfly-elytron-auth-server-sasl,org.wildfly.security.auth.server.sasl,SaslAuthenticationFactory,84,0,6,0,19,0,13,0,10,0
WildFly Elytron/wildfly-elytron-auth-server-sasl,org.wildfly.security.auth.server.sasl,ElytronMessages_.logger,12,0,0,0,5,0,3,0,3,0
WildFly Elytron/wildfly-elytron-auth-util,org.wildfly.security.auth.util,CaseNameRewriter,25,0,4,0,8,0,5,0,3,0
WildFly Elytron/wildfly-elytron-auth-util,org.wildfly.security.auth.util,GSSCredentialSecurityFactory.new GSSCredential() {...},52,0,0,0,12,0,11,0,11,0
WildFly Elytron/wildfly-elytron-auth-util,org.wildfly.security.auth.util,SimpleRegexRealmMapper,6,71,3,9,0,18,3,7,0,4
WildFly Elytron/wildfly-elytron-auth-util,org.wildfly.security.auth.util,MappedRegexRealmMapper,8,22,0,2,3,6,1,3,1,2
WildFly Elytron/wildfly-elytron-auth-util,org.wildfly.security.auth.util,GSSCredentialSecurityFactory.Builder,526,0,58,0,116,0,52,0,23,0
WildFly Elytron/wildfly-elytron-auth-util,org.wildfly.security.auth.util,ElytronMessages,0,6,0,0,0,1,0,1,0,1
WildFly Elytron/wildfly-elytron-auth-util,org.wildfly.security.auth.util,ElytronFilePasswordProvider,37,43,4,2,8,13,5,3,2,3
WildFly Elytron/wildfly-elytron-auth-util,org.wildfly.security.auth.util,ElytronMessages_.logger,172,41,0,0,36,12,18,6,18,6
WildFly Elytron/wildfly-elytron-auth-util,org.wildfly.security.auth.util,RegexNameValidatingRewriter,34,0,4,0,8,0,6,0,4,0
WildFly Elytron/wildfly-elytron-auth-util,org.wildfly.security.auth.util,GSSCredentialSecurityFactory.Builder.new Configuration() {...},30,0,6,0,3,0,6,0,3,0
WildFly Elytron/wildfly-elytron-auth-util,org.wildfly.security.auth.util,MutableNameRewriter,32,0,0,0,11,0,4,0,4,0
WildFly Elytron/wildfly-elytron-auth-util,org.wildfly.security.auth.util,RegexNameRewriter,43,0,4,0,10,0,6,0,4,0
WildFly Elytron/wildfly-elytron-auth-util,org.wildfly.security.auth.util,GSSCredentialSecurityFactory,214,0,22,0,60,0,19,0,8,0
WildFly Elytron/wildfly-elytron-base,org.wildfly.security,WildFlyElytronBaseProvider,0,982,0,4,0,91,0,8,0,6
WildFly Elytron/wildfly-elytron-base,org.wildfly.security,WildFlyElytronHttpFormProvider,2,25,0,0,1,4,1,2,1,2
WildFly Elytron/wildfly-elytron-base,org.wildfly.security,WildFlyElytronDigestProvider,2,22,0,0,1,4,1,2,1,2
WildFly Elytron/wildfly-elytron-base,org.wildfly.security,WildFlyElytronProvider,0,1885,0,0,0,176,0,7,0,7
WildFly Elytron/wildfly-elytron-base,org.wildfly.security,Version,4,43,0,0,2,15,1,2,1,2
WildFly Elytron/wildfly-elytron-base,org.wildfly.security,WildFlyElytronHttpDigestProvider,2,75,0,0,1,8,1,2,1,2
WildFly Elytron/wildfly-elytron-base,org.wildfly.security,WildFlyElytronHttpSpnegoProvider,2,25,0,0,1,4,1,2,1,2
WildFly Elytron/wildfly-elytron-base,org.wildfly.security,ParametricPrivilegedAction,4,0,0,0,1,0,1,0,1,0
WildFly Elytron/wildfly-elytron-base,org.wildfly.security,ParametricPrivilegedExceptionAction,4,0,0,0,1,0,1,0,1,0
WildFly Elytron/wildfly-elytron-base,org.wildfly.security,WildFlyElytronProvider.ProviderService,141,18,18,0,28,5,13,1,4,1
WildFly Elytron/wildfly-elytron-base,org.wildfly.security,ElytronMessages_.logger,57,22,0,0,12,7,6,4,6,4
WildFly Elytron/wildfly-elytron-base,org.wildfly.security,WildFlyElytronHttpBearerProvider,2,25,0,0,1,4,1,2,1,2
WildFly Elytron/wildfly-elytron-base,org.wildfly.security,WildFlyElytronHttpBasicProvider,2,25,0,0,1,4,1,2,1,2
WildFly Elytron/wildfly-elytron-base,org.wildfly.security,OneTimeSecurityFactory,3,38,2,4,1,13,2,3,0,2
WildFly Elytron/wildfly-elytron-base,org.wildfly.security,FailedSecurityFactory,9,0,0,0,4,0,2,0,2,0
WildFly Elytron/wildfly-elytron-base,org.wildfly.security,FixedSecurityFactory,0,9,0,0,0,4,0,2,0,2
WildFly Elytron/wildfly-elytron-base,org.wildfly.security,WildFlyElytronBaseProvider.ProviderService,101,58,12,6,18,15,11,3,3,2
WildFly Elytron/wildfly-elytron-base,org.wildfly.security,EmptyProvider,13,0,0,0,4,0,3,0,3,0
WildFly Elytron/wildfly-elytron-base,org.wildfly.security,WildFlyElytronHttpClientCertProvider,2,25,0,0,1,4,1,2,1,2
WildFly Elytron/wildfly-elytron-base,org.wildfly.security,ElytronMessages,0,6,0,0,0,1,0,1,0,1
WildFly Elytron/wildfly-elytron-base,org.wildfly.security,VersionedProvider,0,7,0,0,0,2,0,1,0,1
WildFly Elytron/wildfly-elytron-base,org.wildfly.security,NullSecurityFactory,12,0,0,0,5,0,4,0,4,0
WildFly Elytron/wildfly-elytron-client,org.wildfly.security.auth.client._private,ElytronMessages_.logger,801,113,0,0,154,28,78,14,78,14
WildFly Elytron/wildfly-elytron-client,org.wildfly.security.auth.client._private,ElytronMessages,0,11,0,0,0,2,0,1,0,1
WildFly Elytron/wildfly-elytron-client,org.wildfly.security.auth.util,ElytronAuthenticator,183,0,12,0,49,0,10,0,4,0
WildFly Elytron/wildfly-elytron-client,org.wildfly.security.auth.util,ElytronMessages2_.logger,12,0,0,0,5,0,3,0,3,0
WildFly Elytron/wildfly-elytron-client,org.wildfly.security.auth.util,ElytronMessages2,6,0,0,0,1,0,1,0,1,0
WildFly Elytron/wildfly-elytron-client,org.wildfly.security.auth.client.spi,WebServicesClientConfigProviderImpl,218,0,10,0,47,0,14,0,9,0
WildFly Elytron/wildfly-elytron-client,org.wildfly.security.auth.client.spi,RESTEasyClientConfigProviderImpl,129,0,4,0,29,0,8,0,6,0
WildFly Elytron/wildfly-elytron-client,org.wildfly.security.auth.client,WildFlyElytronClientDefaultSSLContextSpi,48,81,7,7,13,17,12,6,6,5
WildFly Elytron/wildfly-elytron-client,org.wildfly.security.auth.client,PeerIdentityContext,96,0,22,0,19,0,18,0,7,0
WildFly Elytron/wildfly-elytron-client,org.wildfly.security.auth.client,ElytronXmlParser.ResourceLoadingKeyStoreFactory,14,0,0,0,4,0,2,0,2,0
WildFly Elytron/wildfly-elytron-client,org.wildfly.security.auth.client,ElytronXmlParser.UnknownTypeFileKeyStoreFactory,31,61,6,2,8,20,4,3,0,3
WildFly Elytron/wildfly-elytron-client,org.wildfly.security.auth.client,DefaultAuthenticationContextProvider,9,9,0,0,3,3,1,2,1,2
WildFly Elytron/wildfly-elytron-client,org.wildfly.security.auth.client,MatchSchemeSpecificPartRule,99,0,14,0,18,0,13,0,6,0
WildFly Elytron/wildfly-elytron-client,org.wildfly.security.auth.client,ElytronXmlParser.Version,1,138,2,4,0,15,2,4,0,3
WildFly Elytron/wildfly-elytron-client,org.wildfly.security.auth.client,MatchHostRule,30,139,9,21,4,23,12,12,3,6
WildFly Elytron/wildfly-elytron-client,org.wildfly.security.auth.client,MatchPortRule,34,29,6,2,3,6,7,4,3,4
WildFly Elytron/wildfly-elytron-client,org.wildfly.security.auth.client,MatchPathRule,120,0,18,0,16,0,18,0,9,0
WildFly Elytron/wildfly-elytron-client,org.wildfly.security.auth.client,MatchUserRule,66,0,6,0,11,0,11,0,8,0
WildFly Elytron/wildfly-elytron-client,org.wildfly.security.auth.client,MatchNoUserRule,49,0,8,0,8,0,10,0,6,0
WildFly Elytron/wildfly-elytron-client,org.wildfly.security.auth.client,RuleNode,70,130,13,13,15,30,11,12,1,9
WildFly Elytron/wildfly-elytron-client,org.wildfly.security.auth.client,ElytronXmlParser.NullLoadingKeyStoreFactory,8,0,0,0,3,0,2,0,2,0
WildFly Elytron/wildfly-elytron-client,org.wildfly.security.auth.client,ElytronXmlParser,4760,3044,912,356,1126,815,668,168,64,84
WildFly Elytron/wildfly-elytron-client,org.wildfly.security.auth.client,ElytronXmlParser.DeferredSupplier,0,22,0,0,0,8,0,3,0,3
WildFly Elytron/wildfly-elytron-client,org.wildfly.security.auth.client,AuthenticationConfiguration.new PrivilegedAction() {...},0,9,0,0,0,2,0,2,0,2
WildFly Elytron/wildfly-elytron-client,org.wildfly.security.auth.client,MatchRule.new MatchRule() {...},36,13,0,0,18,5,18,5,18,5
WildFly Elytron/wildfly-elytron-client,org.wildfly.security.auth.client,MatchNetworkRule,47,46,8,8,7,9,12,4,6,2
WildFly Elytron/wildfly-elytron-client,org.wildfly.security.auth.client,AuthenticationContext,103,276,22,32,14,49,29,31,9,24
WildFly Elytron/wildfly-elytron-client,org.wildfly.security.auth.client,AuthenticationConfiguration.ClientCallbackHandler,679,0,130,0,197,0,69,0,4,0
WildFly Elytron/wildfly-elytron-client,org.wildfly.security.auth.client,RuleConfigurationPair,15,0,0,0,6,0,3,0,3,0
WildFly Elytron/wildfly-elytron-client,org.wildfly.security.auth.client,ElytronXmlParser.KeyStoreCreateFactory,17,31,1,1,3,9,1,2,0,2
WildFly Elytron/wildfly-elytron-client,org.wildfly.security.auth.client,ElytronXmlParser.TrustManagerBuilder,228,50,22,0,60,17,26,1,15,1
WildFly Elytron/wildfly-elytron-client,org.wildfly.security.auth.client,AuthenticationContextConfigurationClient,476,49,51,3,98,12,52,6,26,5
WildFly Elytron/wildfly-elytron-client,org.wildfly.security.auth.client,MatchRule,270,127,42,18,51,22,56,15,30,11
WildFly Elytron/wildfly-elytron-client,org.wildfly.security.auth.client,ModuleLoader,18,0,0,0,5,0,2,0,2,0
WildFly Elytron/wildfly-elytron-client,org.wildfly.security.auth.client,ElytronXmlParser.URILoadingKeyStoreFactory,14,0,0,0,4,0,2,0,2,0
WildFly Elytron/wildfly-elytron-client,org.wildfly.security.auth.client,PeerIdentity,783,0,84,0,220,0,76,0,34,0
WildFly Elytron/wildfly-elytron-client,org.wildfly.security.auth.client,InvalidAuthenticationConfigurationException,16,0,0,0,8,0,4,0,4,0
WildFly Elytron/wildfly-elytron-client,org.wildfly.security.auth.client,ElytronXmlParser.AbstractLoadingKeyStoreFactory,9,32,1,1,2,9,1,2,0,2
WildFly Elytron/wildfly-elytron-client,org.wildfly.security.auth.client,MatchSchemeRule,72,0,10,0,11,0,13,0,8,0
WildFly Elytron/wildfly-elytron-client,org.wildfly.security.auth.client,MatchAbstractTypeRule,67,0,8,0,10,0,12,0,8,0
WildFly Elytron/wildfly-elytron-client,org.wildfly.security.auth.client,CallbackKind,65,137,22,0,7,15,16,1,5,1
WildFly Elytron/wildfly-elytron-client,org.wildfly.security.auth.client,PeerIdentity.Configuration,27,0,4,0,9,0,5,0,3,0
WildFly Elytron/wildfly-elytron-client,org.wildfly.security.auth.client,AuthenticationConfiguration,2653,1129,563,96,348,197,388,44,71,29
WildFly Elytron/wildfly-elytron-client,org.wildfly.security.auth.client,WildFlyElytronClientDefaultSSLContextProvider,30,22,2,0,5,5,2,2,1,2
WildFly Elytron/wildfly-elytron-client,org.wildfly.security.auth.client,KeyStoreEntrySecurityFactory,41,0,2,0,8,0,4,0,3,0
WildFly Elytron/wildfly-elytron-client,org.wildfly.security.auth.client,ElytronXmlParser.FileLoadingKeyStoreFactory,0,15,0,0,0,4,0,2,0,2
WildFly Elytron/wildfly-elytron-client,org.wildfly.security.auth.client,MatchAbstractTypeAuthorityRule,67,0,8,0,10,0,12,0,8,0
WildFly Elytron/wildfly-elytron-client,org.wildfly.security.auth.client,ElytronXmlParser.PasswordKeyStoreFactory,14,0,0,0,4,0,2,0,2,0
WildFly Elytron/wildfly-elytron-client,org.wildfly.security.auth.client,CredentialStoreFactory,52,72,9,5,5,14,8,2,1,2
WildFly Elytron/wildfly-elytron-client,org.wildfly.security.auth.client,WildFlyElytronClientDefaultSSLContextProvider.ClientSSLContextProviderService,4,85,0,10,2,19,1,7,1,2
WildFly Elytron/wildfly-elytron-client,org.wildfly.security.credential.source,OAuth2CredentialSource.Builder.new Supplier() {...},23,0,0,0,5,0,2,0,2,0
WildFly Elytron/wildfly-elytron-client,org.wildfly.security.credential.source,ElytronMessages2_.logger,95,0,0,0,24,0,12,0,12,0
WildFly Elytron/wildfly-elytron-client,org.wildfly.security.credential.source,ElytronMessages2,6,0,0,0,1,0,1,0,1,0
WildFly Elytron/wildfly-elytron-client,org.wildfly.security.credential.source,OAuth2CredentialSource.Builder,484,0,28,0,102,0,35,0,21,0
WildFly Elytron/wildfly-elytron-client,org.wildfly.security.credential.source,OAuth2CredentialSource,268,0,22,0,64,0,22,0,11,0
WildFly Elytron/wildfly-elytron-credential,org.wildfly.security.credential._private,ElytronMessages_.logger,792,66,0,0,156,16,78,8,78,8
WildFly Elytron/wildfly-elytron-credential,org.wildfly.security.credential._private,ElytronMessages,11,0,0,0,2,0,1,0,1,0
WildFly Elytron/wildfly-elytron-credential,org.wildfly.security.key,KeyUtil.KeyClonerCreator,300,13,59,1,75,4,38,1,8,1
WildFly Elytron/wildfly-elytron-credential,org.wildfly.security.key,RawRSAPrivateKey,55,0,10,0,10,0,11,0,6,0
WildFly Elytron/wildfly-elytron-credential,org.wildfly.security.key,RSAParameterSpec,5,37,3,3,1,8,4,4,1,4
WildFly Elytron/wildfly-elytron-credential,org.wildfly.security.key,RawDSAPrivateKey,55,0,10,0,10,0,11,0,6,0
WildFly Elytron/wildfly-elytron-credential,org.wildfly.security.key,RawRSAMultiPrimePrivateCrtKey,136,0,24,0,29,0,23,0,11,0
WildFly Elytron/wildfly-elytron-credential,org.wildfly.security.key,RawPBEKey,99,0,20,0,16,0,17,0,7,0
WildFly Elytron/wildfly-elytron-credential,org.wildfly.security.key,RSAParameterSpiImpl,16,0,0,0,6,0,4,0,4,0
WildFly Elytron/wildfly-elytron-credential,org.wildfly.security.key,RawPrivateKey,15,0,0,0,3,0,2,0,2,0
WildFly Elytron/wildfly-elytron-credential,org.wildfly.security.key,WildFlyElytronKeyProvider,0,24,0,0,0,5,0,3,0,3
WildFly Elytron/wildfly-elytron-credential,org.wildfly.security.key,RawSecretKeyFactory,2,49,1,5,1,9,2,5,1,3
WildFly Elytron/wildfly-elytron-credential,org.wildfly.security.key,RawECPrivateKey,55,0,10,0,10,0,11,0,6,0
WildFly Elytron/wildfly-elytron-credential,org.wildfly.security.key,KeyUtil,355,169,91,31,48,31,59,10,3,5
WildFly Elytron/wildfly-elytron-credential,org.wildfly.security.key,RawRSAPrivateCrtKey,107,0,18,0,24,0,19,0,10,0
WildFly Elytron/wildfly-elytron-credential,org.wildfly.security.key,RawDHPrivateKey,55,0,10,0,10,0,11,0,6,0
WildFly Elytron/wildfly-elytron-credential,org.wildfly.security.key,RawKey,93,0,18,0,15,0,16,0,7,0
WildFly Elytron/wildfly-elytron-credential,org.wildfly.security.password.util,ModularCrypt,298,2243,131,179,56,315,123,72,0,27
WildFly Elytron/wildfly-elytron-credential,org.wildfly.security.password.util,ModularCrypt.new Base64Alphabet() {...},8,94,6,24,1,21,6,13,0,4
WildFly Elytron/wildfly-elytron-credential,org.wildfly.security.password.util,ModularCrypt.ModCryptBase64Alphabet,8,94,7,23,1,23,7,12,0,4
WildFly Elytron/wildfly-elytron-credential,org.wildfly.security.password,Password,34,20,7,1,4,3,7,3,3,3
WildFly Elytron/wildfly-elytron-credential,org.wildfly.security.password,PasswordFactory,43,127,4,4,8,22,8,11,5,10
WildFly Elytron/wildfly-elytron-credential,org.wildfly.security.password,WildFlyElytronPasswordProvider,0,28,0,0,0,7,0,3,0,3
WildFly Elytron/wildfly-elytron-credential,org.wildfly.security.password,PasswordFactorySpi,4,3,0,0,1,2,1,1,1,1
WildFly Elytron/wildfly-elytron-credential,org.wildfly.security.password.interfaces,RawOneTimePassword,76,0,10,0,14,0,12,0,7,0
WildFly Elytron/wildfly-elytron-credential,org.wildfly.security.password.interfaces,RawSunUnixMD5CryptPassword,52,26,10,0,6,8,8,4,3,4
WildFly Elytron/wildfly-elytron-credential,org.wildfly.security.password.interfaces,RawUnixDESCryptPassword,32,18,6,0,6,6,6,3,3,3
WildFly Elytron/wildfly-elytron-credential,org.wildfly.security.password.interfaces,SaltedSimpleDigestPassword,15,11,0,0,3,1,2,1,2,1
WildFly Elytron/wildfly-elytron-credential,org.wildfly.security.password.interfaces,BSDUnixDESCryptPassword,99,18,12,0,16,3,8,1,2,1
WildFly Elytron/wildfly-elytron-credential,org.wildfly.security.password.interfaces,RawSimpleDigestPassword,34,12,6,0,6,4,6,2,3,2
WildFly Elytron/wildfly-elytron-credential,org.wildfly.security.password.interfaces,RawClearPassword,33,54,14,6,6,11,13,4,3,4
WildFly Elytron/wildfly-elytron-credential,org.wildfly.security.password.interfaces,SimpleDigestPassword,0,16,0,0,0,3,0,1,0,1
WildFly Elytron/wildfly-elytron-credential,org.wildfly.security.password.interfaces,MaskedPassword,130,96,23,26,24,32,17,26,4,3
WildFly Elytron/wildfly-elytron-credential,org.wildfly.security.password.interfaces,ClearPassword,0,16,0,0,0,3,0,1,0,1
WildFly Elytron/wildfly-elytron-credential,org.wildfly.security.password.interfaces,RawBCryptPassword,46,28,10,0,5,9,7,5,2,5
WildFly Elytron/wildfly-elytron-credential,org.wildfly.security.password.interfaces,BCryptPassword,58,24,12,0,10,4,8,1,2,1
WildFly Elytron/wildfly-elytron-credential,org.wildfly.security.password.interfaces,RawBSDUnixDESCryptPassword,46,24,10,0,6,8,8,4,3,4
WildFly Elytron/wildfly-elytron-credential,org.wildfly.security.password.interfaces,UnixSHACryptPassword,58,20,12,0,10,4,8,1,2,1
WildFly Elytron/wildfly-elytron-credential,org.wildfly.security.password.interfaces,RawScramDigestPassword,78,0,10,0,14,0,12,0,7,0
WildFly Elytron/wildfly-elytron-credential,org.wildfly.security.password.interfaces,DigestPassword,43,0,0,0,8,0,3,0,3,0
WildFly Elytron/wildfly-elytron-credential,org.wildfly.security.password.interfaces,ScramDigestPassword,82,0,12,0,14,0,9,0,3,0
WildFly Elytron/wildfly-elytron-credential,org.wildfly.security.password.interfaces,RawMaskedPassword,72,47,14,2,6,12,10,7,3,6
WildFly Elytron/wildfly-elytron-credential,org.wildfly.security.password.interfaces,UnixMD5CryptPassword,54,19,12,0,10,4,8,1,2,1
WildFly Elytron/wildfly-elytron-credential,org.wildfly.security.password.interfaces,OneTimePassword,41,0,0,0,7,0,3,0,3,0
WildFly Elytron/wildfly-elytron-credential,org.wildfly.security.password.interfaces,RawDigestPassword,78,0,10,0,14,0,12,0,7,0
WildFly Elytron/wildfly-elytron-credential,org.wildfly.security.password.interfaces,RawUnixSHACryptPassword,52,26,10,0,6,8,8,4,3,4
WildFly Elytron/wildfly-elytron-credential,org.wildfly.security.password.interfaces,SunUnixMD5CryptPassword,58,20,12,0,10,4,8,1,2,1
WildFly Elytron/wildfly-elytron-credential,org.wildfly.security.password.interfaces,RawPassword,4,9,0,0,2,4,2,2,2,2
WildFly Elytron/wildfly-elytron-credential,org.wildfly.security.password.interfaces,RawSaltedSimpleDigestPassword,44,20,8,0,6,6,7,3,3,3
WildFly Elytron/wildfly-elytron-credential,org.wildfly.security.password.interfaces,RawUnixMD5CryptPassword,34,20,6,0,6,6,6,3,3,3
WildFly Elytron/wildfly-elytron-credential,org.wildfly.security.password.interfaces,UnixDESCryptPassword,36,15,0,0,7,3,2,1,2,1
WildFly Elytron/wildfly-elytron-credential,org.wildfly.security.credential,SSHCredential.Builder,8,85,1,7,3,21,2,10,1,7
WildFly Elytron/wildfly-elytron-credential,org.wildfly.security.credential,GSSKerberosCredential,63,0,8,0,13,0,12,0,8,0
WildFly Elytron/wildfly-elytron-credential,org.wildfly.security.credential,KeyPairCredential,98,48,15,5,11,14,17,3,7,3
WildFly Elytron/wildfly-elytron-credential,org.wildfly.security.credential,SSHCredential,68,58,12,0,8,15,9,8,3,8
WildFly Elytron/wildfly-elytron-credential,org.wildfly.security.credential,Credential,155,40,23,5,23,5,25,4,11,4
WildFly Elytron/wildfly-elytron-credential,org.wildfly.security.credential,AlgorithmCredential,76,20,21,5,11,2,19,3,7,2
WildFly Elytron/wildfly-elytron-credential,org.wildfly.security.credential,PasswordCredential,46,115,6,8,9,23,11,12,5,11
WildFly Elytron/wildfly-elytron-credential,org.wildfly.security.credential,PublicKeyCredential,57,0,6,0,12,0,12,0,9,0
WildFly Elytron/wildfly-elytron-credential,org.wildfly.security.credential,X509CertificateChainPrivateCredential,81,0,12,0,13,0,12,0,6,0
WildFly Elytron/wildfly-elytron-credential,org.wildfly.security.credential,AbstractX509CertificateChainCredential,128,0,16,0,24,0,19,0,11,0
WildFly Elytron/wildfly-elytron-credential,org.wildfly.security.credential,SecretKeyCredential,51,22,8,0,7,7,9,4,5,4
WildFly Elytron/wildfly-elytron-credential,org.wildfly.security.credential,BearerTokenCredential,32,0,4,0,7,0,7,0,5,0
WildFly Elytron/wildfly-elytron-credential,org.wildfly.security.credential,X509CertificateChainPublicCredential,24,0,4,0,5,0,6,0,4,0
WildFly Elytron/wildfly-elytron-credential,org.wildfly.security.keystore,WrappingPasswordKeyStore,11,0,0,0,2,0,1,0,1,0
WildFly Elytron/wildfly-elytron-credential,org.wildfly.security.keystore,PasswordKeyStoreSpi,494,0,76,0,126,0,60,0,22,0
WildFly Elytron/wildfly-elytron-credential,org.wildfly.security.keystore,WrappingPasswordKeyStoreSpiImpl,217,0,22,0,48,0,26,0,15,0
WildFly Elytron/wildfly-elytron-credential,org.wildfly.security.keystore,PasswordEntry,0,9,0,0,0,4,0,2,0,2
WildFly Elytron/wildfly-elytron-credential,org.wildfly.security.password.spec,IteratedSaltedPasswordAlgorithmSpec,37,19,8,0,5,7,6,3,2,3
WildFly Elytron/wildfly-elytron-credential,org.wildfly.security.password.spec,IteratedSaltedHashPasswordSpec,40,29,8,0,4,10,6,4,2,4
WildFly Elytron/wildfly-elytron-credential,org.wildfly.security.password.spec,MaskedPasswordAlgorithmSpec,85,32,12,0,16,11,10,4,4,4
WildFly Elytron/wildfly-elytron-credential,org.wildfly.security.password.spec,IteratedHashPasswordSpec,49,0,6,0,11,0,8,0,5,0
WildFly Elytron/wildfly-elytron-credential,org.wildfly.security.password.spec,DigestPasswordAlgorithmSpec,39,15,8,0,5,6,6,3,2,3
WildFly Elytron/wildfly-elytron-credential,org.wildfly.security.password.spec,IteratedPasswordAlgorithmSpec,36,0,6,0,9,0,7,0,4,0
WildFly Elytron/wildfly-elytron-credential,org.wildfly.security.password.spec,ClearPasswordSpec,18,13,4,0,2,5,4,2,2,2
WildFly Elytron/wildfly-elytron-credential,org.wildfly.security.password.spec,OneTimePasswordSpec,69,0,8,0,14,0,10,0,6,0
WildFly Elytron/wildfly-elytron-credential,org.wildfly.security.password.spec,MaskedPasswordSpec,48,75,10,0,4,25,7,7,2,7
WildFly Elytron/wildfly-elytron-credential,org.wildfly.security.password.spec,HashPasswordSpec,18,13,4,0,2,5,4,2,2,2
WildFly Elytron/wildfly-elytron-credential,org.wildfly.security.password.spec,BasicPasswordSpecEncoding,298,0,26,0,64,0,29,0,14,0
WildFly Elytron/wildfly-elytron-credential,org.wildfly.security.password.spec,Encoding,0,24,0,0,0,3,0,1,0,1
WildFly Elytron/wildfly-elytron-credential,org.wildfly.security.password.spec,EncryptablePasswordSpec,34,33,7,1,4,11,6,5,2,5
WildFly Elytron/wildfly-elytron-credential,org.wildfly.security.password.spec,OneTimePasswordAlgorithmSpec,78,0,10,0,15,0,11,0,6,0
WildFly Elytron/wildfly-elytron-credential,org.wildfly.security.password.spec,SaltedHashPasswordSpec,32,23,6,0,4,8,5,3,2,3
WildFly Elytron/wildfly-elytron-credential,org.wildfly.security.password.spec,SaltedPasswordAlgorithmSpec,23,13,4,0,5,5,4,2,2,2
WildFly Elytron/wildfly-elytron-credential,org.wildfly.security.password.spec,DigestPasswordSpec,42,21,8,0,4,8,6,4,2,4
WildFly Elytron/wildfly-elytron-credential,org.wildfly.security.evidence,BearerTokenEvidence,0,12,0,0,0,4,0,2,0,2
WildFly Elytron/wildfly-elytron-credential,org.wildfly.security.evidence,X509PeerCertificateChainEvidence,21,26,0,0,4,9,4,5,4,5
WildFly Elytron/wildfly-elytron-credential,org.wildfly.security.evidence,Evidence,42,8,6,0,5,3,8,3,5,3
WildFly Elytron/wildfly-elytron-credential,org.wildfly.security.evidence,PasswordGuessEvidence,14,12,2,0,5,4,3,2,2,2
WildFly Elytron/wildfly-elytron-credential,org.wildfly.security.evidence,AlgorithmEvidence,20,0,6,0,1,0,4,0,1,0
WildFly Elytron/wildfly-elytron-credential-source-deprecated,org.wildfly.security.credential.source,ElytronMessages,11,0,0,0,2,0,1,0,1,0
WildFly Elytron/wildfly-elytron-credential-source-deprecated,org.wildfly.security.credential.source,CommandCredentialSource,160,0,12,0,41,0,11,0,5,0
WildFly Elytron/wildfly-elytron-credential-source-deprecated,org.wildfly.security.credential.source,FactoryCredentialSource,34,0,2,0,8,0,4,0,3,0
WildFly Elytron/wildfly-elytron-credential-source-deprecated,org.wildfly.security.credential.source,CommandCredentialSource.Builder,237,0,4,0,51,0,24,0,22,0
WildFly Elytron/wildfly-elytron-credential-source-deprecated,org.wildfly.security.credential.source,LocalKerberosCredentialSource.Builder,17,0,0,0,5,0,3,0,3,0
WildFly Elytron/wildfly-elytron-credential-source-deprecated,org.wildfly.security.credential.source,CredentialStoreCredentialSource,95,0,4,0,24,0,6,0,4,0
WildFly Elytron/wildfly-elytron-credential-source-deprecated,org.wildfly.security.credential.source,KeyStoreCredentialSource,195,0,26,0,48,0,18,0,5,0
WildFly Elytron/wildfly-elytron-credential-source-deprecated,org.wildfly.security.credential.source,LocalKerberosCredentialSource,70,0,6,0,20,0,8,0,5,0
WildFly Elytron/wildfly-elytron-credential-source-deprecated,org.wildfly.security.credential.source,ElytronMessages_.logger,116,0,0,0,28,0,14,0,14,0
WildFly Elytron/wildfly-elytron-credential-source-deprecated,org.wildfly.security.credential.source,CallbackHandlerCredentialSource,82,0,10,0,16,0,8,0,3,0
WildFly Elytron/wildfly-elytron-credential-store,org.wildfly.security.credential.store._private,ElytronMessages_.logger,564,88,0,0,110,20,56,10,56,10
WildFly Elytron/wildfly-elytron-credential-store,org.wildfly.security.credential.store._private,ElytronMessages,0,6,0,0,0,1,0,1,0,1
WildFly Elytron/wildfly-elytron-credential-store,org.wildfly.security.credential.store.impl,KeyStoreCredentialStore,1374,1058,154,98,322,227,125,44,9,29
WildFly Elytron/wildfly-elytron-credential-store,org.wildfly.security.credential.store.impl,SecurityVaultData,28,18,1,1,10,4,5,1,4,1
WildFly Elytron/wildfly-elytron-credential-store,org.wildfly.security.credential.store.impl,KeyStoreCredentialStore.MidEntry,34,29,6,0,6,9,7,4,4,4
WildFly Elytron/wildfly-elytron-credential-store,org.wildfly.security.credential.store.impl,VaultCredentialStore,346,0,36,0,96,0,28,0,10,0
WildFly Elytron/wildfly-elytron-credential-store,org.wildfly.security.credential.store.impl,KeyStoreCredentialStore.BottomEntry,1,50,2,2,0,13,2,7,0,7
WildFly Elytron/wildfly-elytron-credential-store,org.wildfly.security.credential.store.impl,VaultObjectInputStream,0,21,0,2,0,6,0,3,0,2
WildFly Elytron/wildfly-elytron-credential-store,org.wildfly.security.credential.store.impl,KeyStoreCredentialStore.TopEntry,3,15,0,0,1,5,1,2,1,2
WildFly Elytron/wildfly-elytron-credential-store,org.wildfly.security.credential.store.impl,MapCredentialStore,43,90,6,4,15,20,7,10,2,10
WildFly Elytron/wildfly-elytron-credential-store,org.wildfly.security.credential.store.impl,VaultObjectOutputStream,25,0,2,0,9,0,3,0,2,0
WildFly Elytron/wildfly-elytron-credential-store,org.wildfly.security.credential.store.impl,PropertiesCredentialStore,36,405,15,37,11,96,15,27,0,16
WildFly Elytron/wildfly-elytron-credential-store,org.wildfly.security.credential.store.impl,KeyStoreCredentialStore.ExternalStorage,437,0,28,0,103,0,25,0,11,0
WildFly Elytron/wildfly-elytron-credential-store,org.wildfly.security.credential.store.impl,KeyStoreCredentialStore.ParamKey,19,0,0,0,7,0,4,0,4,0
WildFly Elytron/wildfly-elytron-credential-store,org.wildfly.security.credential.store,CredentialStoreSpi,29,23,3,3,6,7,7,3,5,2
WildFly Elytron/wildfly-elytron-credential-store,org.wildfly.security.credential.store,CredentialStore,143,146,14,6,29,34,20,16,11,15
WildFly Elytron/wildfly-elytron-credential-store,org.wildfly.security.credential.store,CredentialStore.CredentialSourceProtectionParameter,0,13,0,0,0,5,0,2,0,2
WildFly Elytron/wildfly-elytron-credential-store,org.wildfly.security.credential.store,WildFlyElytronCredentialStoreProvider,0,72,0,0,0,11,0,3,0,3
WildFly Elytron/wildfly-elytron-credential-store,org.wildfly.security.credential.store,CredentialStorePermission,72,0,2,0,14,0,6,0,5,0
WildFly Elytron/wildfly-elytron-credential-store,org.wildfly.security.credential.store,UnsupportedCredentialTypeException,16,0,0,0,8,0,4,0,4,0
WildFly Elytron/wildfly-elytron-credential-store,org.wildfly.security.credential.store,CredentialStoreException,7,9,0,0,4,4,2,2,2,2
WildFly Elytron/wildfly-elytron-digest,org.wildfly.security.digest,WildFlyElytronDigestProvider,0,24,0,0,0,5,0,3,0,3
WildFly Elytron/wildfly-elytron-digest,org.wildfly.security.digest,SHA512_256MessageDigest,17,840,2,14,3,93,3,19,1,13
WildFly Elytron/wildfly-elytron-digest,org.wildfly.security.digest,TruncatedMessageDigest,94,0,4,0,26,0,15,0,13,0
WildFly Elytron/wildfly-elytron-encryption,org.wildfly.security.encryption,ElytronMessages_.logger,0,128,0,0,0,28,0,14,0,14
WildFly Elytron/wildfly-elytron-encryption,org.wildfly.security.encryption,SecretKeyUtil,3,178,3,15,1,36,4,12,1,6
WildFly Elytron/wildfly-elytron-encryption,org.wildfly.security.encryption,ElytronMessages,0,6,0,0,0,1,0,1,0,1
WildFly Elytron/wildfly-elytron-encryption,org.wildfly.security.encryption,Common,2,6,1,2,1,3,1,2,0,1
WildFly Elytron/wildfly-elytron-encryption,org.wildfly.security.encryption,CipherUtil,24,195,3,9,8,38,5,7,2,4
WildFly Elytron/wildfly-elytron-http,org.wildfly.security.http,ElytronMessages_.logger,109,0,0,0,28,0,14,0,14,0
WildFly Elytron/wildfly-elytron-http,org.wildfly.security.http,HttpServerRequestWrapper,127,0,0,0,35,0,26,0,26,0
WildFly Elytron/wildfly-elytron-http,org.wildfly.security.http,HttpExchangeSpi,74,0,12,0,23,0,17,0,11,0
WildFly Elytron/wildfly-elytron-http,org.wildfly.security.http,HttpAuthenticator.AuthenticationExchange,378,0,56,0,105,0,44,0,16,0
WildFly Elytron/wildfly-elytron-http,org.wildfly.security.http,HttpAuthenticator.Builder,52,0,0,0,19,0,10,0,10,0
WildFly Elytron/wildfly-elytron-http,org.wildfly.security.http,HttpServerRequest,21,0,0,0,10,0,6,0,6,0
WildFly Elytron/wildfly-elytron-http,org.wildfly.security.http,HttpConstants,117,0,0,0,14,0,1,0,1,0
WildFly Elytron/wildfly-elytron-http,org.wildfly.security.http,HttpAuthenticator,347,0,44,0,85,0,36,0,14,0
WildFly Elytron/wildfly-elytron-http,org.wildfly.security.http,HttpServerCookie.new HttpServerCookie() {...},51,0,0,0,9,0,9,0,9,0
WildFly Elytron/wildfly-elytron-http,org.wildfly.security.http,HttpServerAuthenticationMechanism,19,0,4,0,6,0,5,0,3,0
WildFly Elytron/wildfly-elytron-http,org.wildfly.security.http,HttpAuthenticationException,16,0,0,0,8,0,4,0,4,0
WildFly Elytron/wildfly-elytron-http,org.wildfly.security.http,Scope,64,0,0,0,7,0,1,0,1,0
WildFly Elytron/wildfly-elytron-http,org.wildfly.security.http,HttpScope,45,0,4,0,18,0,17,0,15,0
WildFly Elytron/wildfly-elytron-http,org.wildfly.security.http,HttpServerAuthenticationMechanismFactory,1,0,0,0,1,0,1,0,1,0
WildFly Elytron/wildfly-elytron-http,org.wildfly.security.http,HttpScopeNotification.SessionNotificationType,34,0,0,0,2,0,1,0,1,0
WildFly Elytron/wildfly-elytron-http,org.wildfly.security.http,ElytronMessages,16,0,0,0,3,0,1,0,1,0
WildFly Elytron/wildfly-elytron-http,org.wildfly.security.http,HttpServerCookie,12,0,0,0,1,0,1,0,1,0
WildFly Elytron/wildfly-elytron-http,org.wildfly.security.http,HttpAuthenticator.new IdentityCache() {...},97,0,20,0,22,0,14,0,4,0
WildFly Elytron/wildfly-elytron-http,org.wildfly.security.http.impl,BaseHttpServerRequest,87,0,0,0,21,0,19,0,19,0
WildFly Elytron/wildfly-elytron-http-basic,org.wildfly.security.http.basic,BasicMechanismFactory,21,28,1,1,6,8,3,3,2,3
WildFly Elytron/wildfly-elytron-http-basic,org.wildfly.security.http.basic,WildFlyElytronHttpBasicProvider,27,0,0,0,5,0,3,0,3,0
WildFly Elytron/wildfly-elytron-http-basic,org.wildfly.security.http.basic,BasicAuthenticationMechanism,352,0,38,0,81,0,28,0,9,0
WildFly Elytron/wildfly-elytron-http-bearer,org.wildfly.security.http.bearer,BearerMechanismFactory,36,0,2,0,11,0,5,0,4,0
WildFly Elytron/wildfly-elytron-http-bearer,org.wildfly.security.http.bearer,WildFlyElytronHttpBearerProvider,27,0,0,0,5,0,3,0,3,0
WildFly Elytron/wildfly-elytron-http-bearer,org.wildfly.security.http.bearer,BearerTokenAuthenticationMechanism,203,0,16,0,52,0,15,0,7,0
WildFly Elytron/wildfly-elytron-http-cert,org.wildfly.security.http.cert,WildFlyElytronHttpClientCertProvider,27,0,0,0,5,0,3,0,3,0
WildFly Elytron/wildfly-elytron-http-cert,org.wildfly.security.http.cert,ClientCertAuthenticationMechanism.new IdentityCache() {...},68,0,0,0,12,0,5,0,5,0
WildFly Elytron/wildfly-elytron-http-cert,org.wildfly.security.http.cert,ClientCertAuthenticationMechanism,309,0,26,0,84,0,22,0,9,0
WildFly Elytron/wildfly-elytron-http-cert,org.wildfly.security.http.cert,ClientCertMechanismFactory,41,0,2,0,12,0,5,0,4,0
WildFly Elytron/wildfly-elytron-http-deprecated,org.wildfly.security.http.impl,ServerMechanismFactoryImpl,64,0,0,0,5,0,3,0,3,0
WildFly Elytron/wildfly-elytron-http-digest,org.wildfly.security.http.digest,DigestAuthenticationMechanism.new HttpServerMechanismsResponder() {...},16,0,0,0,3,0,2,0,2,0
WildFly Elytron/wildfly-elytron-http-digest,org.wildfly.security.http.digest,WildFlyElytronHttpDigestProvider,77,0,0,0,9,0,3,0,3,0
WildFly Elytron/wildfly-elytron-http-digest,org.wildfly.security.http.digest,NonceManager.NonceState,6,0,0,0,2,0,1,0,1,0
WildFly Elytron/wildfly-elytron-http-digest,org.wildfly.security.http.digest,NonceManager,584,0,46,0,129,0,34,0,11,0
WildFly Elytron/wildfly-elytron-http-digest,org.wildfly.security.http.digest,DigestMechanismFactory,158,0,6,0,26,0,12,0,8,0
WildFly Elytron/wildfly-elytron-http-digest,org.wildfly.security.http.digest,DigestAuthenticationMechanism,886,0,74,0,189,0,62,0,25,0
WildFly Elytron/wildfly-elytron-http-external,org.wildfly.security.http.external,ExternalAuthenticationMechanism,112,0,4,0,35,0,9,0,7,0
WildFly Elytron/wildfly-elytron-http-external,org.wildfly.security.http.external,WildFlyElytronHttpExternalProvider,27,0,0,0,5,0,3,0,3,0
WildFly Elytron/wildfly-elytron-http-external,org.wildfly.security.http.external,ExternalMechanismFactory,39,0,2,0,13,0,6,0,5,0
WildFly Elytron/wildfly-elytron-http-form,org.wildfly.security.http.form,FormAuthenticationMechanism.new IdentityCache() {...},102,0,18,0,21,0,13,0,4,0
WildFly Elytron/wildfly-elytron-http-form,org.wildfly.security.http.form,FormMechanismFactory,56,0,6,0,14,0,8,0,5,0
WildFly Elytron/wildfly-elytron-http-form,org.wildfly.security.http.form,ElytronMessages_.logger,25,0,0,0,8,0,5,0,5,0
WildFly Elytron/wildfly-elytron-http-form,org.wildfly.security.http.form,FormAuthenticationMechanism,771,0,102,0,176,0,72,0,21,0
WildFly Elytron/wildfly-elytron-http-form,org.wildfly.security.http.form,ElytronMessages,6,0,0,0,1,0,1,0,1,0
WildFly Elytron/wildfly-elytron-http-form,org.wildfly.security.http.form,WildFlyElytronHttpFormProvider,27,0,0,0,5,0,3,0,3,0
WildFly Elytron/wildfly-elytron-http-oidc,org.wildfly.security.http.oidc,TokenValidator.TypeValidator,33,0,4,0,10,0,4,0,2,0
WildFly Elytron/wildfly-elytron-http-oidc,org.wildfly.security.http.oidc,AuthenticatedActionsHandler,299,0,38,0,66,0,25,0,6,0
WildFly Elytron/wildfly-elytron-http-oidc,org.wildfly.security.http.oidc,AddressClaimSet,46,0,0,0,10,0,7,0,7,0
WildFly Elytron/wildfly-elytron-http-oidc,org.wildfly.security.http.oidc,ElytronMessages_.logger,1004,10,0,0,218,4,118,2,118,2
WildFly Elytron/wildfly-elytron-http-oidc,org.wildfly.security.http.oidc,ElytronMessages,0,6,0,0,0,1,0,1,0,1
WildFly Elytron/wildfly-elytron-http-oidc,org.wildfly.security.http.oidc,Permission,177,0,28,0,44,0,27,0,13,0
WildFly Elytron/wildfly-elytron-http-oidc,org.wildfly.security.http.oidc,OidcException,16,0,0,0,8,0,4,0,4,0
WildFly Elytron/wildfly-elytron-http-oidc,org.wildfly.security.http.oidc,WildFlyElytronHttpOidcProvider,27,0,0,0,5,0,3,0,3,0
WildFly Elytron/wildfly-elytron-http-oidc,org.wildfly.security.http.oidc,CorsHeaders,3,0,0,0,1,0,1,0,1,0
WildFly Elytron/wildfly-elytron-http-oidc,org.wildfly.security.http.oidc,OidcHttpFacade.Cookie,36,0,0,0,12,0,6,0,6,0
WildFly Elytron/wildfly-elytron-http-oidc,org.wildfly.security.http.oidc,OidcRequestAuthenticator,779,0,70,0,170,0,64,0,29,0
WildFly Elytron/wildfly-elytron-http-oidc,org.wildfly.security.http.oidc,OidcClientConfiguration,687,71,45,1,206,25,118,9,95,9
WildFly Elytron/wildfly-elytron-http-oidc,org.wildfly.security.http.oidc,HttpClientBuilder.new CookieStore() {...},12,0,0,0,5,0,5,0,5,0
WildFly Elytron/wildfly-elytron-http-oidc,org.wildfly.security.http.oidc,NetworkUtils,758,0,172,0,182,0,102,0,16,0
WildFly Elytron/wildfly-elytron-http-oidc,org.wildfly.security.http.oidc,OidcSecurityRealm.new RealmIdentity() {...},2,50,2,2,0,12,2,8,0,8
WildFly Elytron/wildfly-elytron-http-oidc,org.wildfly.security.http.oidc,ServerRequest,514,0,32,0,129,0,26,0,10,0
WildFly Elytron/wildfly-elytron-http-oidc,org.wildfly.security.http.oidc,OidcHttpFacade.2.new ServletInputStream() {...},29,0,2,0,7,0,6,0,5,0
WildFly Elytron/wildfly-elytron-http-oidc,org.wildfly.security.http.oidc,ClientIdAndSecretCredentialsProvider,85,0,6,0,18,0,9,0,6,0
WildFly Elytron/wildfly-elytron-http-oidc,org.wildfly.security.http.oidc,JWTClientSecretCredentialsProvider,200,0,14,0,54,0,20,0,13,0
WildFly Elytron/wildfly-elytron-http-oidc,org.wildfly.security.http.oidc,QueryParameterTokenRequestAuthenticator,54,0,10,0,14,0,8,0,3,0
WildFly Elytron/wildfly-elytron-http-oidc,org.wildfly.security.http.oidc,NodesRegistrationManagement.NodeRegistrationContext,9,0,0,0,4,0,1,0,1,0
WildFly Elytron/wildfly-elytron-http-oidc,org.wildfly.security.http.oidc,OidcClientConfiguration.RelativeUrlsUsed,24,0,0,0,3,0,1,0,1,0
WildFly Elytron/wildfly-elytron-http-oidc,org.wildfly.security.http.oidc,TokenValidator.Builder,110,0,18,0,24,0,11,0,2,0
WildFly Elytron/wildfly-elytron-http-oidc,org.wildfly.security.http.oidc,TokenValidator.AtHashValidator,47,0,4,0,16,0,4,0,2,0
WildFly Elytron/wildfly-elytron-http-oidc,org.wildfly.security.http.oidc,OidcProviderMetadata,249,0,0,0,104,0,69,0,69,0
WildFly Elytron/wildfly-elytron-http-oidc,org.wildfly.security.http.oidc,RealmAccessClaim,6,16,0,0,1,5,1,2,1,2
WildFly Elytron/wildfly-elytron-http-oidc,org.wildfly.security.http.oidc,OidcClientConfigurationBuilder,367,0,44,0,83,0,28,0,6,0
WildFly Elytron/wildfly-elytron-http-oidc,org.wildfly.security.http.oidc,OidcAccount,71,0,8,0,23,0,11,0,7,0
WildFly Elytron/wildfly-elytron-http-oidc,org.wildfly.security.http.oidc,IDToken,91,0,2,0,23,0,19,0,18,0
WildFly Elytron/wildfly-elytron-http-oidc,org.wildfly.security.http.oidc,OidcClientConfigurationBuilder.new Callable() {...},35,0,4,0,7,0,4,0,2,0
WildFly Elytron/wildfly-elytron-http-oidc,org.wildfly.security.http.oidc,OidcAuthenticationMechanism,256,0,36,0,75,0,26,0,8,0
WildFly Elytron/wildfly-elytron-http-oidc,org.wildfly.security.http.oidc,AuthenticationError.Reason,104,0,0,0,11,0,1,0,1,0
WildFly Elytron/wildfly-elytron-http-oidc,org.wildfly.security.http.oidc,TokenValidator.AzpValidator,51,0,10,0,14,0,7,0,2,0
WildFly Elytron/wildfly-elytron-http-oidc,org.wildfly.security.http.oidc,OidcHttpFacade.new OidcHttpFacade.Request() {...},236,0,20,0,50,0,26,0,16,0
WildFly Elytron/wildfly-elytron-http-oidc,org.wildfly.security.http.oidc,OidcHttpFacade.new OidcHttpFacade.Response() {...},177,0,4,0,30,0,17,0,15,0
WildFly Elytron/wildfly-elytron-http-oidc,org.wildfly.security.http.oidc,JWKPublicKeyLocator,166,0,12,0,38,0,12,0,6,0
WildFly Elytron/wildfly-elytron-http-oidc,org.wildfly.security.http.oidc,ClientCredentialsProviderUtils,187,0,18,0,42,0,14,0,5,0
WildFly Elytron/wildfly-elytron-http-oidc,org.wildfly.security.http.oidc,OidcHttpFacade.new Evidence() {...},9,0,0,0,2,0,2,0,2,0
WildFly Elytron/wildfly-elytron-http-oidc,org.wildfly.security.http.oidc,HttpClientBuilder,502,0,51,0,139,0,41,0,15,0
WildFly Elytron/wildfly-elytron-http-oidc,org.wildfly.security.http.oidc,OidcMechanismFactory,43,0,2,0,12,0,5,0,4,0
WildFly Elytron/wildfly-elytron-http-oidc,org.wildfly.security.http.oidc,OidcSecurityContext,57,21,0,0,11,9,5,3,5,3
WildFly Elytron/wildfly-elytron-http-oidc,org.wildfly.security.http.oidc,OidcSessionTokenStore,347,0,52,0,95,0,38,0,12,0
WildFly Elytron/wildfly-elytron-http-oidc,org.wildfly.security.http.oidc,BearerTokenRequestAuthenticator.new AuthChallenge() {...},10,0,0,0,3,0,3,0,3,0
WildFly Elytron/wildfly-elytron-http-oidc,org.wildfly.security.http.oidc,BearerTokenRequestAuthenticator.new AuthChallenge() {...},51,0,2,0,9,0,4,0,3,0
WildFly Elytron/wildfly-elytron-http-oidc,org.wildfly.security.http.oidc,NodesRegistrationManagement,264,0,28,0,75,0,23,0,9,0
WildFly Elytron/wildfly-elytron-http-oidc,org.wildfly.security.http.oidc,BasicAuthRequestAuthenticator,151,0,12,0,35,0,8,0,2,0
WildFly Elytron/wildfly-elytron-http-oidc,org.wildfly.security.http.oidc,AccessToken,16,70,4,6,3,15,6,5,2,4
WildFly Elytron/wildfly-elytron-http-oidc,org.wildfly.security.http.oidc,BearerTokenRequestAuthenticator,306,0,40,0,70,0,30,0,10,0
WildFly Elytron/wildfly-elytron-http-oidc,org.wildfly.security.http.oidc,OidcRequestAuthenticator.new AuthChallenge() {...},37,0,0,0,6,0,3,0,3,0
WildFly Elytron/wildfly-elytron-http-oidc,org.wildfly.security.http.oidc,OidcPrincipal,32,17,7,1,7,6,7,3,3,3
WildFly Elytron/wildfly-elytron-http-oidc,org.wildfly.security.http.oidc,OidcRequestAuthenticator.new AuthChallenge() {...},64,0,0,0,8,0,3,0,3,0
WildFly Elytron/wildfly-elytron-http-oidc,org.wildfly.security.http.oidc,JsonWebToken,389,85,61,7,95,19,57,10,20,10
WildFly Elytron/wildfly-elytron-http-oidc,org.wildfly.security.http.oidc,Oidc.ClientCredentialsProviderType,48,0,0,0,8,0,3,0,3,0
WildFly Elytron/wildfly-elytron-http-oidc,org.wildfly.security.http.oidc,OidcHttpFacade,320,0,18,0,73,0,37,0,28,0
WildFly Elytron/wildfly-elytron-http-oidc,org.wildfly.security.http.oidc,HttpClientBuilder.PassthroughTrustManager,4,0,0,0,3,0,3,0,3,0
WildFly Elytron/wildfly-elytron-http-oidc,org.wildfly.security.http.oidc,HardcodedPublicKeyLocator,10,0,0,0,5,0,3,0,3,0
WildFly Elytron/wildfly-elytron-http-oidc,org.wildfly.security.http.oidc,OidcSecurityRealm,0,102,5,13,0,28,5,10,0,6
WildFly Elytron/wildfly-elytron-http-oidc,org.wildfly.security.http.oidc,JWTClientCredentialsProvider,287,0,22,0,78,0,23,0,12,0
WildFly Elytron/wildfly-elytron-http-oidc,org.wildfly.security.http.oidc,Oidc.SSLRequired,38,34,12,0,9,4,9,1,2,1
WildFly Elytron/wildfly-elytron-http-oidc,org.wildfly.security.http.oidc,NodesRegistrationManagement.new Runnable() {...},26,0,2,0,4,0,3,0,2,0
WildFly Elytron/wildfly-elytron-http-oidc,org.wildfly.security.http.oidc,OidcHttpFacade.3.new Consumer() {...},22,0,0,0,6,0,2,0,2,0
WildFly Elytron/wildfly-elytron-http-oidc,org.wildfly.security.http.oidc,OidcClientConfiguration.new Callable() {...},12,0,0,0,2,0,2,0,2,0
WildFly Elytron/wildfly-elytron-http-oidc,org.wildfly.security.http.oidc,OidcClientContext.OidcClientConfigurationDelegate,414,0,12,0,126,0,89,0,83,0
WildFly Elytron/wildfly-elytron-http-oidc,org.wildfly.security.http.oidc,OidcCookieTokenStore,468,0,56,0,117,0,45,0,17,0
WildFly Elytron/wildfly-elytron-http-oidc,org.wildfly.security.http.oidc,OidcHttpFacade.3.new HttpServerCookie() {...},50,0,0,0,9,0,9,0,9,0
WildFly Elytron/wildfly-elytron-http-oidc,org.wildfly.security.http.oidc,OidcHttpFacade.3.new Consumer() {...},32,0,2,0,5,0,3,0,2,0
WildFly Elytron/wildfly-elytron-http-oidc,org.wildfly.security.http.oidc,Oidc.EnvUtil,42,0,4,0,11,0,4,0,2,0
WildFly Elytron/wildfly-elytron-http-oidc,org.wildfly.security.http.oidc,Oidc.AuthOutcome,54,0,0,0,2,0,1,0,1,0
WildFly Elytron/wildfly-elytron-http-oidc,org.wildfly.security.http.oidc,RefreshableOidcSecurityContext,189,100,26,14,57,20,23,10,5,8
WildFly Elytron/wildfly-elytron-http-oidc,org.wildfly.security.http.oidc,OidcConfigurationServletListener,111,0,12,0,33,0,11,0,5,0
WildFly Elytron/wildfly-elytron-http-oidc,org.wildfly.security.http.oidc,HttpClientBuilder.HostnameVerificationPolicy,24,0,0,0,3,0,1,0,1,0
WildFly Elytron/wildfly-elytron-http-oidc,org.wildfly.security.http.oidc,TokenValidator,258,0,10,0,52,0,11,0,6,0
WildFly Elytron/wildfly-elytron-http-oidc,org.wildfly.security.http.oidc,TokenValidator.VerifiedTokens,15,0,0,0,6,0,3,0,3,0
WildFly Elytron/wildfly-elytron-http-oidc,org.wildfly.security.http.oidc,OidcJsonConfiguration,372,0,2,0,151,0,93,0,92,0
WildFly Elytron/wildfly-elytron-http-oidc,org.wildfly.security.http.oidc,AccessAndIDTokenResponse,67,0,0,0,26,0,17,0,17,0
WildFly Elytron/wildfly-elytron-http-oidc,org.wildfly.security.http.oidc,AuthenticationError,32,0,0,0,7,0,4,0,4,0
WildFly Elytron/wildfly-elytron-http-oidc,org.wildfly.security.http.oidc,Oidc.TokenStore,0,24,0,0,0,3,0,1,0,1
WildFly Elytron/wildfly-elytron-http-oidc,org.wildfly.security.http.oidc,RequestAuthenticator,527,0,80,0,124,0,52,0,12,0
WildFly Elytron/wildfly-elytron-http-oidc,org.wildfly.security.http.oidc,ServerRequest.HttpFailure,15,0,0,0,6,0,3,0,3,0
WildFly Elytron/wildfly-elytron-http-oidc,org.wildfly.security.http.oidc,OidcClientContext,166,0,24,0,39,0,18,0,6,0
WildFly Elytron/wildfly-elytron-http-oidc,org.wildfly.security.http.oidc,HttpClientBuilder.VerifierWrapper,12,0,0,0,4,0,2,0,2,0
WildFly Elytron/wildfly-elytron-http-oidc,org.wildfly.security.http.oidc,Oidc,214,9,38,0,59,2,38,2,11,2
WildFly Elytron/wildfly-elytron-http-spnego,org.wildfly.security.http.spnego,ElytronMessages_.logger,25,0,0,0,8,0,5,0,5,0
WildFly Elytron/wildfly-elytron-http-spnego,org.wildfly.security.http.spnego,ElytronMessages,6,0,0,0,1,0,1,0,1,0
WildFly Elytron/wildfly-elytron-http-spnego,org.wildfly.security.http.spnego,SpnegoAuthenticationMechanism.new IdentityCache() {...},54,0,6,0,9,0,7,0,4,0
WildFly Elytron/wildfly-elytron-http-spnego,org.wildfly.security.http.spnego,SpnegoAuthenticationMechanism,959,0,132,0,216,0,83,0,17,0
WildFly Elytron/wildfly-elytron-http-spnego,org.wildfly.security.http.spnego,WildFlyElytronHttpSpnegoProvider,27,0,0,0,5,0,3,0,3,0
WildFly Elytron/wildfly-elytron-http-spnego,org.wildfly.security.http.spnego,SpnegoMechanismFactory,56,0,6,0,14,0,8,0,5,0
WildFly Elytron/wildfly-elytron-http-sso,org.wildfly.security.http.util.sso,ProgrammaticSingleSignOnCache.SSOHttpServerRequest,36,0,0,0,10,0,9,0,9,0
WildFly Elytron/wildfly-elytron-http-sso,org.wildfly.security.http.util.sso,ElytronMessages_.logger,91,0,0,0,22,0,12,0,12,0
WildFly Elytron/wildfly-elytron-http-sso,org.wildfly.security.http.util.sso,SingleSignOnServerMechanismFactory.1.new HttpServerRequestWrapper() {...},175,0,18,0,47,0,21,0,12,0
WildFly Elytron/wildfly-elytron-http-sso,org.wildfly.security.http.util.sso,DefaultSingleSignOnManager,111,0,2,0,14,0,10,0,9,0
WildFly Elytron/wildfly-elytron-http-sso,org.wildfly.security.http.util.sso,ProgrammaticSingleSignOnCache,271,0,44,0,62,0,33,0,11,0
WildFly Elytron/wildfly-elytron-http-sso,org.wildfly.security.http.util.sso,DefaultSingleSignOnSessionFactory,190,0,8,0,40,0,13,0,9,0
WildFly Elytron/wildfly-elytron-http-sso,org.wildfly.security.http.util.sso,DefaultSingleSignOnSessionIdentifierFactory,6,0,0,0,2,0,2,0,2,0
WildFly Elytron/wildfly-elytron-http-sso,org.wildfly.security.http.util.sso,SingleSignOnServerMechanismFactory.SingleSignOnConfiguration,47,0,0,0,13,0,7,0,7,0
WildFly Elytron/wildfly-elytron-http-sso,org.wildfly.security.http.util.sso,DefaultSingleSignOnEntry,24,0,0,0,8,0,4,0,4,0
WildFly Elytron/wildfly-elytron-http-sso,org.wildfly.security.http.util.sso,SingleSignOnServerMechanismFactory,101,0,12,0,24,0,12,0,6,0
WildFly Elytron/wildfly-elytron-http-sso,org.wildfly.security.http.util.sso,DefaultSingleSignOn,123,0,8,0,29,0,16,0,12,0
WildFly Elytron/wildfly-elytron-http-sso,org.wildfly.security.http.util.sso,SingleSignOnServerMechanismFactory.new CachedIdentityAuthorizeCallback() {...},19,0,0,0,4,0,2,0,2,0
WildFly Elytron/wildfly-elytron-http-sso,org.wildfly.security.http.util.sso,SingleSignOnServerMechanismFactory.new CachedIdentityAuthorizeCallback() {...},19,0,0,0,4,0,2,0,2,0
WildFly Elytron/wildfly-elytron-http-sso,org.wildfly.security.http.util.sso,ElytronMessages,6,0,0,0,1,0,1,0,1,0
WildFly Elytron/wildfly-elytron-http-sso,org.wildfly.security.http.util.sso,DefaultSingleSignOnSession,479,0,34,0,109,0,34,0,17,0
WildFly Elytron/wildfly-elytron-http-sso,org.wildfly.security.http.util.sso,SingleSignOnConfiguration,33,0,0,0,12,0,6,0,6,0
WildFly Elytron/wildfly-elytron-http-sso,org.wildfly.security.http.util.sso,SingleSignOnServerMechanismFactory.new HttpServerAuthenticationMechanism() {...},194,0,20,0,35,0,20,0,10,0
WildFly Elytron/wildfly-elytron-http-util,org.wildfly.security.http.util,SecurityProviderServerMechanismFactory,268,0,32,0,63,0,24,0,8,0
WildFly Elytron/wildfly-elytron-http-util,org.wildfly.security.http.util,ElytronMessages,6,0,0,0,1,0,1,0,1,0
WildFly Elytron/wildfly-elytron-http-util,org.wildfly.security.http.util,PropertiesServerMechanismFactory,46,0,0,0,9,0,4,0,4,0
WildFly Elytron/wildfly-elytron-http-util,org.wildfly.security.http.util,PrivilegedServerMechanism,99,0,4,0,29,0,11,0,9,0
WildFly Elytron/wildfly-elytron-http-util,org.wildfly.security.http.util,PrivilegedServerMechanism.HttpServerRequestWrapper,141,0,0,0,34,0,26,0,26,0
WildFly Elytron/wildfly-elytron-http-util,org.wildfly.security.http.util,SocketAddressCallbackServerMechanismFactory.new HttpServerAuthenticationMechanism() {...},57,0,2,0,14,0,6,0,5,0
WildFly Elytron/wildfly-elytron-http-util,org.wildfly.security.http.util,AggregateServerMechanismFactory,119,0,14,0,20,0,10,0,3,0
WildFly Elytron/wildfly-elytron-http-util,org.wildfly.security.http.util,SetMechanismInformationMechanismFactory.new HttpServerAuthenticationMechanism() {...},98,0,8,0,23,0,8,0,4,0
WildFly Elytron/wildfly-elytron-http-util,org.wildfly.security.http.util,ElytronMessages_.logger,42,0,0,0,12,0,6,0,6,0
WildFly Elytron/wildfly-elytron-http-util,org.wildfly.security.http.util,SocketAddressCallbackServerMechanismFactory,32,0,2,0,7,0,4,0,3,0
WildFly Elytron/wildfly-elytron-http-util,org.wildfly.security.http.util,FilterServerMechanismFactory,149,0,14,0,26,0,12,0,5,0
WildFly Elytron/wildfly-elytron-http-util,org.wildfly.security.http.util,SortedServerMechanismFactory,33,0,0,0,8,0,3,0,3,0
WildFly Elytron/wildfly-elytron-http-util,org.wildfly.security.http.util,SetMechanismInformationMechanismFactory.1.new MechanismInformation() {...},26,0,0,0,5,0,5,0,5,0
WildFly Elytron/wildfly-elytron-http-util,org.wildfly.security.http.util,SetMechanismInformationMechanismFactory,29,0,2,0,7,0,4,0,3,0
[...]
WildFly Elytron/wildfly-elytron-ssl,org.wildfly.security.ssl,ExportCipherSuitePredicate,10,24,1,1,2,6,2,3,1,3
WildFly Elytron/wildfly-elytron-ssl,org.wildfly.security.ssl,X509RevocationTrustManager.MaxPathLengthChecker,87,0,14,0,27,0,13,0,6,0
WildFly Elytron/wildfly-elytron-ssl,org.wildfly.security.ssl,ProtocolCipherSuitePredicate,42,23,5,1,11,6,4,4,1,4
WildFly Elytron/wildfly-elytron-ssl,org.wildfly.security.ssl,ConfiguredSSLEngine,63,10,0,0,14,4,7,1,7,1
WildFly Elytron/wildfly-elytron-ssl,org.wildfly.security.ssl,ProtocolSelector,121,149,27,11,13,25,26,12,11,8
WildFly Elytron/wildfly-elytron-ssl,org.wildfly.security.ssl,NotCipherSuitePredicate,13,23,0,2,4,6,1,5,1,4
WildFly Elytron/wildfly-elytron-ssl,org.wildfly.security.ssl,AbstractDelegatingSSLSocketFactory,55,6,0,0,9,3,9,1,9,1
WildFly Elytron/wildfly-elytron-ssl,org.wildfly.security.ssl,CipherSuiteSelector.AddingCipherSuiteSelector,24,44,4,6,6,11,3,5,1,2
WildFly Elytron/wildfly-elytron-ssl,org.wildfly.security.ssl,ConfiguredSSLContextSpi,59,45,3,1,9,9,6,3,4,3
WildFly Elytron/wildfly-elytron-ssl,org.wildfly.security.ssl,SSLConnectionInformation,6,0,0,0,3,0,3,0,3,0
WildFly Elytron/wildfly-elytron-ssl,org.wildfly.security.ssl,SSLExplorer.ExtensionInfo,9,0,0,0,4,0,1,0,1,0
WildFly Elytron/wildfly-elytron-ssl,org.wildfly.security.ssl,SSLUtils.new SNIMatcher() {...},20,0,4,0,2,0,4,0,2,0
WildFly Elytron/wildfly-elytron-ssl,org.wildfly.security.ssl,CipherSuiteSelector.RemovingCipherSuiteSelector,24,43,4,6,6,11,3,5,1,2
WildFly Elytron/wildfly-elytron-ssl,org.wildfly.security.ssl,AbstractDelegatingSSLSocket,301,0,0,0,98,0,68,0,68,0
WildFly Elytron/wildfly-elytron-ssl,org.wildfly.security.ssl,SSLUtils.new SNIMatcher() {...},21,0,4,0,2,0,4,0,2,0
WildFly Elytron/wildfly-elytron-ssl,org.wildfly.security.ssl,SelectingServerSSLEngine,304,0,0,0,57,0,41,0,41,0
WildFly Elytron/wildfly-elytron-ssl,org.wildfly.security.ssl,CipherSuiteSelector.new CipherSuiteSelector() {...},40,43,13,3,10,7,9,3,2,2
WildFly Elytron/wildfly-elytron-ssl,org.wildfly.security.ssl,SSLUtils,437,170,35,17,95,31,47,9,24,6
WildFly Elytron/wildfly-elytron-ssl,org.wildfly.security.ssl,CipherSuiteSelector.new CipherSuiteSelector() {...},5,7,0,0,2,3,1,3,1,3
WildFly Elytron/wildfly-elytron-ssl,org.wildfly.security.ssl,X509RevocationTrustManager.Builder,120,0,0,0,41,0,14,0,14,0
WildFly Elytron/wildfly-elytron-ssl,org.wildfly.security.ssl,CipherSuiteSelector.new CipherSuiteSelector() {...},5,5,0,0,2,2,1,2,1,2
WildFly Elytron/wildfly-elytron-ssl,org.wildfly.security.ssl,DelegatingSSLContext,0,10,0,0,0,2,0,1,0,1
WildFly Elytron/wildfly-elytron-ssl,org.wildfly.security.ssl,JDKSpecific,365,0,32,0,87,0,30,0,14,0
WildFly Elytron/wildfly-elytron-ssl,org.wildfly.security.ssl,ProtocolSelector.RemovingProtocolSelector,68,0,8,0,19,0,7,0,3,0
WildFly Elytron/wildfly-elytron-ssl,org.wildfly.security.ssl,ConfiguredSSLServerSocketFactory,89,0,4,0,18,0,10,0,8,0
WildFly Elytron/wildfly-elytron-ssl,org.wildfly.security.ssl,SSLConfiguratorImpl,209,88,19,1,61,25,32,5,22,5
WildFly Elytron/wildfly-elytron-ssl,org.wildfly.security.ssl,ElytronMessages_.logger,708,74,0,0,148,16,80,8,80,8
WildFly Elytron/wildfly-elytron-ssl,org.wildfly.security.ssl,BooleanCipherSuitePredicate,42,0,4,0,10,0,8,0,6,0
WildFly Elytron/wildfly-elytron-ssl,org.wildfly.security.ssl,CipherSuiteSelector.PushToEndCipherSuiteSelector,24,54,6,6,6,18,5,4,1,2
WildFly Elytron/wildfly-elytron-ssl,org.wildfly.security.ssl,MechanismDatabase,139,571,30,56,35,122,27,28,2,10
WildFly Elytron/wildfly-elytron-ssl,org.wildfly.security.ssl,ConfiguredSSLSocket,73,0,0,0,18,0,8,0,8,0
WildFly Elytron/wildfly-elytron-ssl,org.wildfly.security.ssl,SSLContextBuilder,186,240,21,11,30,63,26,11,10,11
WildFly Elytron/wildfly-elytron-ssl,org.wildfly.security.ssl,OrCipherSuitePredicate,44,79,10,12,9,11,9,7,1,4
WildFly Elytron/wildfly-elytron-ssl,org.wildfly.security.ssl,MechanismDatabase.Entry,9,87,0,0,3,26,3,12,3,12
WildFly Elytron/wildfly-elytron-ssl,org.wildfly.security.ssl,ProtocolSelector.new ProtocolSelector() {...},5,5,0,0,2,2,1,2,1,2
WildFly Elytron/wildfly-elytron-ssl,org.wildfly.security.ssl,SelectingServerSSLEngine.InitialState.new SSLSession() {...},55,0,0,0,22,0,22,0,22,0
WildFly Elytron/wildfly-elytron-ssl,org.wildfly.security.ssl,CipherSuitePredicate,326,261,90,18,33,44,73,23,20,22
WildFly Elytron/wildfly-elytron-ssl,org.wildfly.security.ssl,SSLExplorer.SSLConnectionInformationImpl,87,0,11,0,25,0,16,0,8,0
WildFly Elytron/wildfly-elytron-ssl,org.wildfly.security.ssl,SNISSLExplorer,475,0,68,0,129,0,49,0,15,0
WildFly Elytron/wildfly-elytron-ssl,org.wildfly.security.ssl,CipherSuiteSelector.FullyDeletingCipherSuiteSelector,24,40,4,4,6,13,3,4,1,2
WildFly Elytron/wildfly-elytron-ssl,org.wildfly.security.ssl,SNISSLContextSpi,41,0,0,0,10,0,8,0,8,0
WildFly Elytron/wildfly-elytron-ssl,org.wildfly.security.ssl,ElytronMessages,0,11,0,0,0,2,0,1,0,1
WildFly Elytron/wildfly-elytron-ssl,org.wildfly.security.ssl,FipsCipherSuitePredicate,42,0,4,0,10,0,6,0,4,0
WildFly Elytron/wildfly-elytron-ssl,org.wildfly.security.ssl,CipherSuiteSelector,557,566,83,64,81,117,86,58,5,27
WildFly Elytron/wildfly-elytron-ssl,org.wildfly.security.ssl,X509RevocationTrustManager,257,0,26,0,63,0,25,0,12,0
WildFly Elytron/wildfly-elytron-ssl,org.wildfly.security.ssl,SNISSLExplorer.ExtensionInfo,9,0,0,0,4,0,1,0,1,0
WildFly Elytron/wildfly-elytron-ssl,org.wildfly.security.ssl,Digest,60,99,21,7,7,17,15,8,4,2
WildFly Elytron/wildfly-elytron-ssl,org.wildfly.security.ssl,SSLConfigurator,92,0,0,0,48,0,27,0,27,0
WildFly Elytron/wildfly-elytron-ssl,org.wildfly.security.ssl,SNISSLEngine.InitialState,321,0,46,0,87,0,49,0,26,0
WildFly Elytron/wildfly-elytron-ssl,org.wildfly.security.ssl,CipherSuiteSelector.SortByAlgorithmKeyLengthCipherSuiteSelector,52,42,8,2,11,13,6,3,1,3
WildFly Elytron/wildfly-elytron-ssl,org.wildfly.security.ssl,SNIContextMatcher,86,0,12,0,19,0,9,0,3,0
WildFly Elytron/wildfly-elytron-ssl,org.wildfly.security.ssl,SelectingServerSSLEngine.new SSLEngine() {...},49,0,0,0,25,0,25,0,25,0
WildFly Elytron/wildfly-elytron-ssl,org.wildfly.security.ssl,EncryptionCipherSuitePredicate,42,23,5,1,11,6,4,4,1,4
WildFly Elytron/wildfly-elytron-ssl,org.wildfly.security.ssl,SSLExplorer.UnknownServerName,5,0,0,0,2,0,1,0,1,0
WildFly Elytron/wildfly-elytron-ssl,org.wildfly.security.ssl,X509CRLExtendedTrustManager,175,0,8,0,46,0,17,0,13,0
WildFly Elytron/wildfly-elytron-ssl,org.wildfly.security.ssl,AbstractDelegatingSSLServerSocket,164,0,0,0,54,0,37,0,37,0
WildFly Elytron/wildfly-elytron-ssl,org.wildfly.security.ssl,AbstractDelegatingSSLContextSpi,47,17,0,0,9,6,8,4,8,4
WildFly Elytron/wildfly-elytron-util,org.wildfly.security.util,PasswordBasedEncryptionUtil.new Base64Alphabet() {...},89,10,29,1,21,1,17,2,2,2
WildFly Elytron/wildfly-elytron-util,org.wildfly.security.util,PasswordBasedEncryptionUtil,308,137,22,7,52,32,18,15,4,14
WildFly Elytron/wildfly-elytron-util,org.wildfly.security.util,EnumerationIterator,6,5,0,0,2,1,2,1,2,1
WildFly Elytron/wildfly-elytron-util,org.wildfly.security.util,TransformationSpec,42,0,0,0,16,0,7,0,7,0
WildFly Elytron/wildfly-elytron-util,org.wildfly.security.util,ElytronMessages_.logger,304,0,0,0,65,0,32,0,32,0
WildFly Elytron/wildfly-elytron-util,org.wildfly.security.util,LdapUtil,26,0,4,0,5,0,4,0,2,0
WildFly Elytron/wildfly-elytron-util,org.wildfly.security.util,StringMapping,20,49,0,2,4,11,2,3,2,2
WildFly Elytron/wildfly-elytron-util,org.wildfly.security.util,AtomicFileOutputStream,11,91,2,4,4,19,4,9,2,8
WildFly Elytron/wildfly-elytron-util,org.wildfly.security.util,DefaultTransformationMapper,335,0,42,0,44,0,29,0,8,0
WildFly Elytron/wildfly-elytron-util,org.wildfly.security.util,StringEnumeration.Data,0,9,0,0,0,4,0,1,0,1
WildFly Elytron/wildfly-elytron-util,org.wildfly.security.util,AbstractAlgorithmParametersSpiImpl,140,0,14,0,39,0,16,0,9,0
WildFly Elytron/wildfly-elytron-util,org.wildfly.security.util,AtomicFileOutputStream.State,0,3,0,0,0,1,0,1,0,1
WildFly Elytron/wildfly-elytron-util,org.wildfly.security.util,EnumerationIterator.new EnumerationIterator() {...},4,22,1,3,0,5,1,4,0,3
WildFly Elytron/wildfly-elytron-util,org.wildfly.security.util,StringEnumeration,8,107,2,4,2,24,2,7,0,6
WildFly Elytron/wildfly-elytron-util,org.wildfly.security.util,PasswordUtil,38,0,2,0,7,0,4,0,3,0
WildFly Elytron/wildfly-elytron-util,org.wildfly.security.util,AtomicFileOutputStream.new AtomicFileOutputStream.State() {...},10,4,0,0,4,2,4,2,4,2
WildFly Elytron/wildfly-elytron-util,org.wildfly.security.util,ElytronMessages,6,0,0,0,1,0,1,0,1,0
WildFly Elytron/wildfly-elytron-util,org.wildfly.security.util,ArrayIterator,14,159,2,24,3,22,5,21,3,10
WildFly Elytron/wildfly-elytron-util,org.wildfly.security.util,AtomicFileOutputStream.OpenState,40,68,3,1,12,17,3,5,1,5
WildFly Elytron/wildfly-elytron-util,org.wildfly.security.util,PasswordBasedEncryptionUtil.Builder,148,285,19,25,40,66,31,18,13,14
WildFly Elytron/wildfly-elytron-x500,org.wildfly.security.x500.util,X500PrincipalUtil,95,249,17,33,23,69,15,18,2,4
WildFly Elytron/wildfly-elytron-x500,org.wildfly.security.x500._private,ElytronMessages,0,6,0,0,0,1,0,1,0,1
WildFly Elytron/wildfly-elytron-x500,org.wildfly.security.x500._private,ElytronMessages_.logger,203,10,0,0,48,4,24,2,24,2
WildFly Elytron/wildfly-elytron-x500,org.wildfly.security.x500,TrustedAuthority.NameTrustedAuthority,25,0,0,0,8,0,3,0,3,0
WildFly Elytron/wildfly-elytron-x500,org.wildfly.security.x500,GeneralName.IPAddress,250,53,37,3,48,18,24,6,4,6
WildFly Elytron/wildfly-elytron-x500,org.wildfly.security.x500,X500AttributeTypeAndValue,14,36,0,0,3,12,2,3,2,3
WildFly Elytron/wildfly-elytron-x500,org.wildfly.security.x500,X500PrincipalBuilder,0,79,0,4,0,21,0,6,0,4
WildFly Elytron/wildfly-elytron-x500,org.wildfly.security.x500,TrustedAuthority.CertificateTrustedAuthority,27,0,0,0,10,0,3,0,3,0
WildFly Elytron/wildfly-elytron-x500,org.wildfly.security.x500,TrustedAuthority,17,0,4,0,6,0,4,0,2,0
WildFly Elytron/wildfly-elytron-x500,org.wildfly.security.x500,GeneralName.DNSName,28,19,8,0,3,7,7,3,3,3
WildFly Elytron/wildfly-elytron-x500,org.wildfly.security.x500,TrustedAuthority.HashTrustedAuthority,28,0,0,0,9,0,4,0,4,0
WildFly Elytron/wildfly-elytron-x500,org.wildfly.security.x500,GeneralName,3,14,2,2,1,5,2,2,0,2
WildFly Elytron/wildfly-elytron-x500,org.wildfly.security.x500,X500,210,17,32,2,58,4,22,2,5,2
WildFly Elytron/wildfly-elytron-x500,org.wildfly.security.x500,GeneralName.URIName,41,26,5,1,8,9,6,3,3,3
WildFly Elytron/wildfly-elytron-x500,org.wildfly.security.x500,GeneralName.RegisteredID,41,0,4,0,10,0,8,0,6,0
WildFly Elytron/wildfly-elytron-x500,org.wildfly.security.x500,TrustedAuthority.IssuerKeyHashTrustedAuthority,10,0,0,0,4,0,2,0,2,0
WildFly Elytron/wildfly-elytron-x500,org.wildfly.security.x500,TrustedAuthority.IssuerNameHashTrustedAuthority,10,0,0,0,4,0,2,0,2,0
WildFly Elytron/wildfly-elytron-x500,org.wildfly.security.x500,X500DirectoryAttribute,78,0,2,0,22,0,8,0,7,0
WildFly Elytron/wildfly-elytron-x500,org.wildfly.security.x500,GeneralName.DirectoryName,53,0,4,0,11,0,8,0,6,0
WildFly Elytron/wildfly-elytron-x500,org.wildfly.security.x500,GeneralName.X400Address,72,0,10,0,19,0,12,0,7,0
WildFly Elytron/wildfly-elytron-x500,org.wildfly.security.x500,GeneralName.RFC822Name,28,19,8,0,3,7,7,3,3,3
WildFly Elytron/wildfly-elytron-x500,org.wildfly.security.x500,GeneralName.OtherName,110,0,8,0,30,0,13,0,9,0
WildFly Elytron/wildfly-elytron-x500,org.wildfly.security.x500,TrustedAuthority.PKCS15KeyHashTrustedAuthority,10,0,0,0,4,0,2,0,2,0
WildFly Elytron/wildfly-elytron-x500,org.wildfly.security.x500,GeneralName.EDIPartyName,72,0,10,0,19,0,12,0,7,0
WildFly Elytron/wildfly-elytron-x500-cert,org.wildfly.security.x500.cert,NameConstraintsExtension.GeneralSubtree,50,0,6,0,17,0,5,0,2,0
WildFly Elytron/wildfly-elytron-x500-cert,org.wildfly.security.x500.cert,KeyUsageExtension,0,25,0,0,0,9,0,4,0,4
WildFly Elytron/wildfly-elytron-x500-cert,org.wildfly.security.x500.cert,SelfSignedX509CertificateAndSigningKey,0,30,0,0,0,11,0,5,0,5
WildFly Elytron/wildfly-elytron-x500-cert,org.wildfly.security.x500.cert,CRLDistributionPoint.FullNameDistributionPointName,37,0,2,0,12,0,3,0,2,0
WildFly Elytron/wildfly-elytron-x500-cert,org.wildfly.security.x500.cert,X509CertificateExtension,15,9,0,0,5,4,2,2,2,2
WildFly Elytron/wildfly-elytron-x500-cert,org.wildfly.security.x500.cert,IssuerAlternativeNamesExtension,0,33,0,2,0,11,0,4,0,3
WildFly Elytron/wildfly-elytron-x500-cert,org.wildfly.security.x500.cert,PKCS10CertificateSigningRequest.Builder,32,322,4,22,8,93,5,22,1,13
WildFly Elytron/wildfly-elytron-x500-cert,org.wildfly.security.x500.cert,AccessDescription,0,30,0,0,0,11,0,2,0,2
WildFly Elytron/wildfly-elytron-x500-cert,org.wildfly.security.x500.cert,BasicConstraintsExtension,0,31,2,2,0,10,2,3,0,3
WildFly Elytron/wildfly-elytron-x500-cert,org.wildfly.security.x500.cert,PolicyMappingsExtension.PolicyMapping,36,0,0,0,13,0,4,0,4,0
WildFly Elytron/wildfly-elytron-x500-cert,org.wildfly.security.x500.cert,SubjectAlternativeNamesExtension,0,33,0,2,0,11,0,4,0,3
WildFly Elytron/wildfly-elytron-x500-cert,org.wildfly.security.x500.cert,NameConstraintsExtension,77,0,8,0,24,0,7,0,3,0
WildFly Elytron/wildfly-elytron-x500-cert,org.wildfly.security.x500.cert,SelfSignedX509CertificateAndSigningKey.Builder,53,255,3,17,11,65,6,17,3,10
WildFly Elytron/wildfly-elytron-x500-cert,org.wildfly.security.x500.cert,PolicyMappingsExtension,33,0,2,0,11,0,4,0,3,0
WildFly Elytron/wildfly-elytron-x500-cert,org.wildfly.security.x500.cert,ExtendedKeyUsageExtension,0,37,0,2,0,12,0,4,0,3
WildFly Elytron/wildfly-elytron-x500-cert,org.wildfly.security.x500.cert,CertificatePoliciesExtension.PolicyQualifier,94,0,8,0,26,0,10,0,6,0
WildFly Elytron/wildfly-elytron-x500-cert,org.wildfly.security.x500.cert,KeyUsage,79,126,30,6,14,17,24,6,5,3
WildFly Elytron/wildfly-elytron-x500-cert,org.wildfly.security.x500.cert,InhibitAnyPolicyExtension,18,0,0,0,7,0,3,0,3,0
WildFly Elytron/wildfly-elytron-x500-cert,org.wildfly.security.x500.cert,CertificatePoliciesExtension,33,0,2,0,11,0,4,0,3,0
WildFly Elytron/wildfly-elytron-x500-cert,org.wildfly.security.x500.cert,CRLDistributionPointsExtension,37,0,2,0,12,0,4,0,3,0
WildFly Elytron/wildfly-elytron-x500-cert,org.wildfly.security.x500.cert,CRLDistributionPoint.RelativeToCRLIssuerDistributionPointName,37,0,2,0,12,0,3,0,2,0
WildFly Elytron/wildfly-elytron-x500-cert,org.wildfly.security.x500.cert,SubjectDirectoryAttributesExtension,33,0,2,0,11,0,4,0,3,0
WildFly Elytron/wildfly-elytron-x500-cert,org.wildfly.security.x500.cert,AuthorityKeyIdentifierExtension,0,69,1,9,0,22,1,7,0,3
WildFly Elytron/wildfly-elytron-x500-cert,org.wildfly.security.x500.cert,SubjectKeyIdentifierExtension,0,18,0,0,0,7,0,3,0,3
WildFly Elytron/wildfly-elytron-x500-cert,org.wildfly.security.x500.cert,SubjectInformationAccessExtension,0,33,0,2,0,11,0,4,0,3
WildFly Elytron/wildfly-elytron-x500-cert,org.wildfly.security.x500.cert,AuthorityInformationAccessExtension,0,33,0,2,0,11,0,4,0,3
WildFly Elytron/wildfly-elytron-x500-cert,org.wildfly.security.x500.cert,CertUtil,80,482,23,51,24,101,24,31,1,11
WildFly Elytron/wildfly-elytron-x500-cert,org.wildfly.security.x500.cert,PKCS10CertificateSigningRequest,3,47,0,0,1,13,1,6,1,6
WildFly Elytron/wildfly-elytron-x500-cert,org.wildfly.security.x500.cert,CertificatePoliciesExtension.PolicyInformation,47,0,4,0,15,0,4,0,2,0
WildFly Elytron/wildfly-elytron-x500-cert,org.wildfly.security.x500.cert,PolicyConstraintsExtension,37,0,4,0,14,0,5,0,3,0
WildFly Elytron/wildfly-elytron-x500-cert,org.wildfly.security.x500.cert,X509CertificateBuilder,150,428,22,26,43,127,34,19,15,14
WildFly Elytron/wildfly-elytron-x500-cert,org.wildfly.security.x500.cert,X509CertificateChainAndSigningKey,0,21,0,0,0,6,0,3,0,3
WildFly Elytron/wildfly-elytron-x500-cert,org.wildfly.security.x500.cert,FreshestCRLExtension,37,0,2,0,12,0,4,0,3,0
WildFly Elytron/wildfly-elytron-x500-cert,org.wildfly.security.x500.cert,CRLDistributionPoint,58,0,8,0,19,0,6,0,2,0
WildFly Elytron/wildfly-elytron-x500-cert,org.wildfly.security.x500.cert,CRLDistributionPoint.DistributionPointName,3,0,0,0,2,0,1,0,1,0
WildFly Elytron/wildfly-elytron-x500-cert,org.wildfly.security.x500.cert._private,ElytronMessages_.logger,544,118,0,0,112,28,56,14,56,14
WildFly Elytron/wildfly-elytron-x500-cert,org.wildfly.security.x500.cert._private,ElytronMessages,0,6,0,0,0,1,0,1,0,1
WildFly Elytron/wildfly-elytron-x500-cert,org.wildfly.security.pem,PemEntry,1,25,1,1,0,7,1,3,0,3
WildFly Elytron/wildfly-elytron-x500-cert,org.wildfly.security.pem,Pem,319,271,31,19,81,57,30,13,9,9
WildFly Elytron/wildfly-elytron-x500-cert,org.wildfly.security.pem,Pem.new Iterator() {...},13,60,5,5,4,12,5,4,0,4
WildFly Elytron/wildfly-elytron-x500-cert,org.wildfly.security.pem,Pem.new Iterator() {...},38,57,6,7,9,13,6,6,0,4
WildFly Elytron/wildfly-elytron-x500-cert-acme,org.wildfly.security.x500.cert.acme,Acme.new Base64Alphabet() {...},8,91,5,25,1,21,5,14,0,4
WildFly Elytron/wildfly-elytron-x500-cert-acme,org.wildfly.security.x500.cert.acme,AcmeChallenge.UnknownType,4,0,0,0,2,0,1,0,1,0
WildFly Elytron/wildfly-elytron-x500-cert-acme,org.wildfly.security.x500.cert.acme,Acme,43,140,12,11,13,31,13,10,1,7
WildFly Elytron/wildfly-elytron-x500-cert-acme,org.wildfly.security.x500.cert.acme,AcmeChallenge.Type,12,46,3,3,4,12,4,5,1,3
WildFly Elytron/wildfly-elytron-x500-cert-acme,org.wildfly.security.x500.cert.acme,CertificateAuthority,51,0,0,0,18,0,9,0,9,0
WildFly Elytron/wildfly-elytron-x500-cert-acme,org.wildfly.security.x500.cert.acme,ElytronMessages_.logger,532,71,0,0,116,16,58,8,58,8
WildFly Elytron/wildfly-elytron-x500-cert-acme,org.wildfly.security.x500.cert.acme,AcmeClientSpi,485,1851,97,127,134,402,82,83,8,44
WildFly Elytron/wildfly-elytron-x500-cert-acme,org.wildfly.security.x500.cert.acme,AcmeAccount.Builder,129,98,15,5,38,27,14,6,4,6
WildFly Elytron/wildfly-elytron-x500-cert-acme,org.wildfly.security.x500.cert.acme,AcmeException,12,4,0,0,6,2,3,1,3,1
WildFly Elytron/wildfly-elytron-x500-cert-acme,org.wildfly.security.x500.cert.acme,ElytronMessages,0,11,0,0,0,2,0,1,0,1
WildFly Elytron/wildfly-elytron-x500-cert-acme,org.wildfly.security.x500.cert.acme,AcmeAccount,25,191,2,2,6,56,4,22,2,22
WildFly Elytron/wildfly-elytron-x500-cert-acme,org.wildfly.security.x500.cert.acme,AcmeMetadata,0,35,0,0,0,11,0,6,0,6
WildFly Elytron/wildfly-elytron-x500-cert-acme,org.wildfly.security.x500.cert.acme,AcmeChallenge,11,88,0,0,4,22,2,5,2,5
WildFly Elytron/wildfly-elytron-x500-cert-acme,org.wildfly.security.x500.cert.acme,AcmeMetadata.Builder,0,41,0,0,0,14,0,6,0,6
WildFly Elytron/wildfly-elytron-x500-cert-acme,org.wildfly.security.x500.cert.acme,AcmeResource,0,81,0,0,0,11,0,3,0,3
WildFly Elytron/wildfly-elytron-x500-cert-util,org.wildfly.security.x500.cert.util,ElytronMessages,6,0,0,0,1,0,1,0,1,0
WildFly Elytron/wildfly-elytron-x500-cert-util,org.wildfly.security.x500.cert.util,ElytronMessages_.logger,41,0,0,0,12,0,6,0,6,0
WildFly Elytron/wildfly-elytron-x500-cert-util,org.wildfly.security.x500.cert.util,KeyUtil,31,135,11,19,12,35,11,12,1,5
WildFly Elytron/wildfly-elytron-x500-deprecated,org.wildfly.security.x500,ElytronMessages,6,0,0,0,1,0,1,0,1,0
WildFly Elytron/wildfly-elytron-x500-deprecated,org.wildfly.security.x500,X500AttributePrincipalDecoder,176,0,12,0,44,0,19,0,13,0
WildFly Elytron/wildfly-elytron-x500-deprecated,org.wildfly.security.x500,ElytronMessages_.logger,12,0,0,0,5,0,3,0,3,0
WildFly Elytron/wildfly-elytron-x500-principal,org.wildfly.security.x500.principal,X500AttributePrincipalDecoder,176,0,12,0,44,0,19,0,13,0
WildFly Elytron/wildfly-elytron-x500-principal,org.wildfly.security.x500.principal,X509SubjectAltNameEvidenceDecoder,67,0,10,0,21,0,8,0,3,0
WildFly Elytron/wildfly-elytron-x500-principal,org.wildfly.security.x500.principal,ElytronMessages_.logger,12,0,0,0,5,0,3,0,3,0
WildFly Elytron/wildfly-elytron-x500-principal,org.wildfly.security.x500.principal,ElytronMessages,6,0,0,0,1,0,1,0,1,0
WildFly Elytron/wildfly-elytron-x500-principal,org.wildfly.security.x500.principal,X500SubjectEvidenceDecoder,13,0,2,0,4,0,3,0,2,0
